This is XeTeX, Version 3.14159265-2.6-0.999991 (TeX Live 2019/W32TeX) (preloaded format=xelatex 2020.3.10)  30 JUL 2020 11:39
entering extended mode
 restricted \write18 enabled.
 %&-line parsing enabled.
**R-for-HR.tex
(./R-for-HR.tex
LaTeX2e <2020-02-02> patch level 5
L3 programming layer <2020-02-25> (c:/Users/david/AppData/Roaming/TinyTeX/texmf
-dist/tex/latex/base/book.cls
Document Class: book 2019/12/20 v1.4l Standard LaTeX document class
(c:/Users/david/AppData/Roaming/TinyTeX/texmf-dist/tex/latex/base/bk10.clo
File: bk10.clo 2019/12/20 v1.4l Standard LaTeX file (size option)
)
\c@part=\count163
\c@chapter=\count164
\c@section=\count165
\c@subsection=\count166
\c@subsubsection=\count167
\c@paragraph=\count168
\c@subparagraph=\count169
\c@figure=\count170
\c@table=\count171
\abovecaptionskip=\skip47
\belowcaptionskip=\skip48
\bibindent=\dimen134
) (c:/Users/david/AppData/Roaming/TinyTeX/texmf-dist/tex/latex/lm/lmodern.sty
Package: lmodern 2009/10/30 v1.6 Latin Modern Fonts
LaTeX Font Info:    Overwriting symbol font `operators' in version `normal'
(Font)                  OT1/cmr/m/n --> OT1/lmr/m/n on input line 22.
LaTeX Font Info:    Overwriting symbol font `letters' in version `normal'
(Font)                  OML/cmm/m/it --> OML/lmm/m/it on input line 23.
LaTeX Font Info:    Overwriting symbol font `symbols' in version `normal'
(Font)                  OMS/cmsy/m/n --> OMS/lmsy/m/n on input line 24.
LaTeX Font Info:    Overwriting symbol font `largesymbols' in version `normal'
(Font)                  OMX/cmex/m/n --> OMX/lmex/m/n on input line 25.
LaTeX Font Info:    Overwriting symbol font `operators' in version `bold'
(Font)                  OT1/cmr/bx/n --> OT1/lmr/bx/n on input line 26.
LaTeX Font Info:    Overwriting symbol font `letters' in version `bold'
(Font)                  OML/cmm/b/it --> OML/lmm/b/it on input line 27.
LaTeX Font Info:    Overwriting symbol font `symbols' in version `bold'
(Font)                  OMS/cmsy/b/n --> OMS/lmsy/b/n on input line 28.
LaTeX Font Info:    Overwriting symbol font `largesymbols' in version `bold'
(Font)                  OMX/cmex/m/n --> OMX/lmex/m/n on input line 29.
LaTeX Font Info:    Overwriting math alphabet `\mathbf' in version `normal'
(Font)                  OT1/cmr/bx/n --> OT1/lmr/bx/n on input line 31.
LaTeX Font Info:    Overwriting math alphabet `\mathsf' in version `normal'
(Font)                  OT1/cmss/m/n --> OT1/lmss/m/n on input line 32.
LaTeX Font Info:    Overwriting math alphabet `\mathit' in version `normal'
(Font)                  OT1/cmr/m/it --> OT1/lmr/m/it on input line 33.
LaTeX Font Info:    Overwriting math alphabet `\mathtt' in version `normal'
(Font)                  OT1/cmtt/m/n --> OT1/lmtt/m/n on input line 34.
LaTeX Font Info:    Overwriting math alphabet `\mathbf' in version `bold'
(Font)                  OT1/cmr/bx/n --> OT1/lmr/bx/n on input line 35.
LaTeX Font Info:    Overwriting math alphabet `\mathsf' in version `bold'
(Font)                  OT1/cmss/bx/n --> OT1/lmss/bx/n on input line 36.
LaTeX Font Info:    Overwriting math alphabet `\mathit' in version `bold'
(Font)                  OT1/cmr/bx/it --> OT1/lmr/bx/it on input line 37.
LaTeX Font Info:    Overwriting math alphabet `\mathtt' in version `bold'
(Font)                  OT1/cmtt/m/n --> OT1/lmtt/m/n on input line 38.
)
(c:/Users/david/AppData/Roaming/TinyTeX/texmf-dist/tex/latex/amsfonts/amssymb.s
ty
Package: amssymb 2013/01/14 v3.01 AMS font symbols

(c:/Users/david/AppData/Roaming/TinyTeX/texmf-dist/tex/latex/amsfonts/amsfonts.
sty
Package: amsfonts 2013/01/14 v3.01 Basic AMSFonts support
\@emptytoks=\toks15
\symAMSa=\mathgroup4
\symAMSb=\mathgroup5
LaTeX Font Info:    Redeclaring math symbol \hbar on input line 98.
LaTeX Font Info:    Overwriting math alphabet `\mathfrak' in version `bold'
(Font)                  U/euf/m/n --> U/euf/b/n on input line 106.
))
(c:/Users/david/AppData/Roaming/TinyTeX/texmf-dist/tex/latex/amsmath/amsmath.st
y
Package: amsmath 2020/01/20 v2.17e AMS math features
\@mathmargin=\skip49
For additional information on amsmath, use the `?' option.

(c:/Users/david/AppData/Roaming/TinyTeX/texmf-dist/tex/latex/amsmath/amstext.st
y
Package: amstext 2000/06/29 v2.01 AMS text

(c:/Users/david/AppData/Roaming/TinyTeX/texmf-dist/tex/latex/amsmath/amsgen.sty
File: amsgen.sty 1999/11/30 v2.0 generic functions
\@emptytoks=\toks16
\ex@=\dimen135
))
(c:/Users/david/AppData/Roaming/TinyTeX/texmf-dist/tex/latex/amsmath/amsbsy.sty
Package: amsbsy 1999/11/29 v1.2d Bold Symbols
\pmbraise@=\dimen136
)
(c:/Users/david/AppData/Roaming/TinyTeX/texmf-dist/tex/latex/amsmath/amsopn.sty
Package: amsopn 2016/03/08 v2.02 operator names
)
\inf@bad=\count172
LaTeX Info: Redefining \frac on input line 227.
\uproot@=\count173
\leftroot@=\count174
LaTeX Info: Redefining \overline on input line 389.
\classnum@=\count175
\DOTSCASE@=\count176
LaTeX Info: Redefining \ldots on input line 486.
LaTeX Info: Redefining \dots on input line 489.
LaTeX Info: Redefining \cdots on input line 610.
\Mathstrutbox@=\box45
\strutbox@=\box46
\big@size=\dimen137
LaTeX Font Info:    Redeclaring font encoding OML on input line 733.
LaTeX Font Info:    Redeclaring font encoding OMS on input line 734.
\macc@depth=\count177
\c@MaxMatrixCols=\count178
\dotsspace@=\muskip16
\c@parentequation=\count179
\dspbrk@lvl=\count180
\tag@help=\toks17
\row@=\count181
\column@=\count182
\maxfields@=\count183
\andhelp@=\toks18
\eqnshift@=\dimen138
\alignsep@=\dimen139
\tagshift@=\dimen140
\tagwidth@=\dimen141
\totwidth@=\dimen142
\lineht@=\dimen143
\@envbody=\toks19
\multlinegap=\skip50
\multlinetaggap=\skip51
\mathdisplay@stack=\toks20
LaTeX Info: Redefining \[ on input line 2859.
LaTeX Info: Redefining \] on input line 2860.
)
(c:/Users/david/AppData/Roaming/TinyTeX/texmf-dist/tex/generic/iftex/ifxetex.st
y
Package: ifxetex 2019/10/25 v0.7 ifxetex legacy package. Use iftex instead.
(c:/Users/david/AppData/Roaming/TinyTeX/texmf-dist/tex/generic/iftex/iftex.sty
Package: iftex 2019/11/07 v1.0c TeX engine tests
))
(c:/Users/david/AppData/Roaming/TinyTeX/texmf-dist/tex/generic/iftex/ifluatex.s
ty
Package: ifluatex 2019/10/25 v1.5 ifluatex legacy package. Use iftex instead.
) (c:/Users/david/AppData/Roaming/TinyTeX/texmf-dist/tex/latex/base/fixltx2e.st
y
Package: fixltx2e 2016/12/29 v2.1a fixes to LaTeX (obsolete)
Applying: [2015/01/01] Old fixltx2e package on input line 46.

Package fixltx2e Warning: fixltx2e is not required with releases after 2015
(fixltx2e)                All fixes are now in the LaTeX kernel.
(fixltx2e)                See the latexrelease package for details.

Already applied: [0000/00/00] Old fixltx2e package on input line 53.
)
(c:/Users/david/AppData/Roaming/TinyTeX/texmf-dist/tex/xelatex/mathspec/mathspe
c.sty
Package: mathspec 2016/12/22 v0.2b LaTeX Package (Mathematics font selection fo
r XeLaTeX)

(c:/Users/david/AppData/Roaming/TinyTeX/texmf-dist/tex/latex/etoolbox/etoolbox.
sty
Package: etoolbox 2019/09/21 v2.5h e-TeX tools for LaTeX (JAW)
\etb@tempcnta=\count184
)
(c:/Users/david/AppData/Roaming/TinyTeX/texmf-dist/tex/latex/fontspec/fontspec.
sty
(c:/Users/david/AppData/Roaming/TinyTeX/texmf-dist/tex/latex/l3packages/xparse/
xparse.sty
(c:/Users/david/AppData/Roaming/TinyTeX/texmf-dist/tex/latex/l3kernel/expl3.sty
Package: expl3 2020-02-25 L3 programming layer (loader) 

(c:/Users/david/AppData/Roaming/TinyTeX/texmf-dist/tex/latex/l3backend/l3backen
d-xdvipdfmx.def
File: l3backend-xdvipdfmx.def 2020-02-23 L3 backend support: xdvipdfmx
\g__graphics_track_int=\count185
\l__pdf_internal_box=\box47
\g__pdf_backend_object_int=\count186
\g__pdf_backend_annotation_int=\count187
))
Package: xparse 2020-02-25 L3 Experimental document command parser
\l__xparse_current_arg_int=\count188
\g__xparse_grabber_int=\count189
\l__xparse_m_args_int=\count190
\l__xparse_v_nesting_int=\count191
)
Package: fontspec 2020/02/21 v2.7i Font selection for XeLaTeX and LuaLaTeX

(c:/Users/david/AppData/Roaming/TinyTeX/texmf-dist/tex/latex/fontspec/fontspec-
xetex.sty
Package: fontspec-xetex 2020/02/21 v2.7i Font selection for XeLaTeX and LuaLaTe
X
\l__fontspec_script_int=\count192
\l__fontspec_language_int=\count193
\l__fontspec_strnum_int=\count194
\l__fontspec_tmp_int=\count195
\l__fontspec_tmpa_int=\count196
\l__fontspec_tmpb_int=\count197
\l__fontspec_tmpc_int=\count198
\l__fontspec_em_int=\count199
\l__fontspec_emdef_int=\count266
\l__fontspec_strong_int=\count267
\l__fontspec_strongdef_int=\count268
\l__fontspec_tmpa_dim=\dimen144
\l__fontspec_tmpb_dim=\dimen145
\l__fontspec_tmpc_dim=\dimen146
(c:/Users/david/AppData/Roaming/TinyTeX/texmf-dist/tex/latex/base/fontenc.sty
Package: fontenc 2020/02/11 v2.0o Standard LaTeX package
)
(c:/Users/david/AppData/Roaming/TinyTeX/texmf-dist/tex/latex/fontspec/fontspec.
cfg)))
(c:/Users/david/AppData/Roaming/TinyTeX/texmf-dist/tex/latex/xkeyval/xkeyval.st
y
Package: xkeyval 2014/12/03 v2.7a package option processing (HA)

(c:/Users/david/AppData/Roaming/TinyTeX/texmf-dist/tex/generic/xkeyval/xkeyval.
tex
(c:/Users/david/AppData/Roaming/TinyTeX/texmf-dist/tex/generic/xkeyval/xkvutils
.tex
\XKV@toks=\toks21
\XKV@tempa@toks=\toks22

(c:/Users/david/AppData/Roaming/TinyTeX/texmf-dist/tex/generic/xkeyval/keyval.t
ex))
\XKV@depth=\count269
File: xkeyval.tex 2014/12/03 v2.7a key=value parser (HA)
))
\c@eu@=\count270
\c@eu@i=\count271
\c@mkern=\count272
)
(c:/Users/david/AppData/Roaming/TinyTeX/texmf-dist/tex/latex/upquote/upquote.st
y
Package: upquote 2012/04/19 v1.3 upright-quote and grave-accent glyphs in verba
tim
(c:/Users/david/AppData/Roaming/TinyTeX/texmf-dist/tex/latex/base/textcomp.sty
Package: textcomp 2020/02/02 v2.0n Standard LaTeX package
))
(c:/Users/david/AppData/Roaming/TinyTeX/texmf-dist/tex/latex/hyperref/hyperref.
sty
Package: hyperref 2020/01/14 v7.00d Hypertext links for LaTeX

(c:/Users/david/AppData/Roaming/TinyTeX/texmf-dist/tex/generic/ltxcmds/ltxcmds.
sty
Package: ltxcmds 2019/12/15 v1.24 LaTeX kernel commands for general use (HO)
)
(c:/Users/david/AppData/Roaming/TinyTeX/texmf-dist/tex/latex/pdftexcmds/pdftexc
mds.sty
Package: pdftexcmds 2019/11/24 v0.31 Utility functions of pdfTeX for LuaTeX (HO
)

(c:/Users/david/AppData/Roaming/TinyTeX/texmf-dist/tex/generic/infwarerr/infwar
err.sty
Package: infwarerr 2019/12/03 v1.5 Providing info/warning/error messages (HO)
)
Package pdftexcmds Info: \pdf@primitive is available.
Package pdftexcmds Info: \pdf@ifprimitive is available.
Package pdftexcmds Info: \pdfdraftmode not found.
)
(c:/Users/david/AppData/Roaming/TinyTeX/texmf-dist/tex/generic/kvsetkeys/kvsetk
eys.sty
Package: kvsetkeys 2019/12/15 v1.18 Key value parser (HO)
)
(c:/Users/david/AppData/Roaming/TinyTeX/texmf-dist/tex/generic/kvdefinekeys/kvd
efinekeys.sty
Package: kvdefinekeys 2019-12-19 v1.6 Define keys (HO)
)
(c:/Users/david/AppData/Roaming/TinyTeX/texmf-dist/tex/generic/pdfescape/pdfesc
ape.sty
Package: pdfescape 2019/12/09 v1.15 Implements pdfTeX's escape features (HO)
)
(c:/Users/david/AppData/Roaming/TinyTeX/texmf-dist/tex/latex/hycolor/hycolor.st
y
Package: hycolor 2020-01-27 v1.10 Color options for hyperref/bookmark (HO)
)
(c:/Users/david/AppData/Roaming/TinyTeX/texmf-dist/tex/latex/letltxmacro/letltx
macro.sty
Package: letltxmacro 2019/12/03 v1.6 Let assignment for LaTeX macros (HO)
)
(c:/Users/david/AppData/Roaming/TinyTeX/texmf-dist/tex/latex/auxhook/auxhook.st
y
Package: auxhook 2019-12-17 v1.6 Hooks for auxiliary files (HO)
)
(c:/Users/david/AppData/Roaming/TinyTeX/texmf-dist/tex/latex/kvoptions/kvoption
s.sty
Package: kvoptions 2019/11/29 v3.13 Key value format for package options (HO)
)
\@linkdim=\dimen147
\Hy@linkcounter=\count273
\Hy@pagecounter=\count274

(c:/Users/david/AppData/Roaming/TinyTeX/texmf-dist/tex/latex/hyperref/pd1enc.de
f
File: pd1enc.def 2020/01/14 v7.00d Hyperref: PDFDocEncoding definition (HO)
)
(c:/Users/david/AppData/Roaming/TinyTeX/texmf-dist/tex/generic/intcalc/intcalc.
sty
Package: intcalc 2019/12/15 v1.3 Expandable calculations with integers (HO)
)
(c:/Users/david/AppData/Roaming/TinyTeX/texmf-dist/tex/generic/etexcmds/etexcmd
s.sty
Package: etexcmds 2019/12/15 v1.7 Avoid name clashes with e-TeX commands (HO)
)
\Hy@SavedSpaceFactor=\count275
Package hyperref Info: Option `unicode' set `true' on input line 4421.

(c:/Users/david/AppData/Roaming/TinyTeX/texmf-dist/tex/latex/hyperref/puenc.def
File: puenc.def 2020/01/14 v7.00d Hyperref: PDF Unicode definition (HO)
)
Package hyperref Info: Hyper figures OFF on input line 4547.
Package hyperref Info: Link nesting OFF on input line 4552.
Package hyperref Info: Hyper index ON on input line 4555.
Package hyperref Info: Plain pages OFF on input line 4562.
Package hyperref Info: Backreferencing OFF on input line 4567.
Package hyperref Info: Implicit mode ON; LaTeX internals redefined.
Package hyperref Info: Bookmarks ON on input line 4800.
\c@Hy@tempcnt=\count276
(c:/Users/david/AppData/Roaming/TinyTeX/texmf-dist/tex/latex/url/url.sty
\Urlmuskip=\muskip17
Package: url 2013/09/16  ver 3.4  Verb mode for urls, etc.
)
LaTeX Info: Redefining \url on input line 5159.
\XeTeXLinkMargin=\dimen148

(c:/Users/david/AppData/Roaming/TinyTeX/texmf-dist/tex/generic/bitset/bitset.st
y
Package: bitset 2019/12/09 v1.3 Handle bit-vector datatype (HO)

(c:/Users/david/AppData/Roaming/TinyTeX/texmf-dist/tex/generic/bigintcalc/bigin
tcalc.sty
Package: bigintcalc 2019/12/15 v1.5 Expandable calculations on big integers (HO
)
))
\Fld@menulength=\count277
\Field@Width=\dimen149
\Fld@charsize=\dimen150
Package hyperref Info: Hyper figures OFF on input line 6430.
Package hyperref Info: Link nesting OFF on input line 6435.
Package hyperref Info: Hyper index ON on input line 6438.
Package hyperref Info: backreferencing OFF on input line 6445.
Package hyperref Info: Link coloring OFF on input line 6450.
Package hyperref Info: Link coloring with OCG OFF on input line 6455.
Package hyperref Info: PDF/A mode OFF on input line 6460.
LaTeX Info: Redefining \ref on input line 6500.
LaTeX Info: Redefining \pageref on input line 6504.

(c:/Users/david/AppData/Roaming/TinyTeX/texmf-dist/tex/generic/atbegshi/atbegsh
i.sty
Package: atbegshi 2019/12/05 v1.19 At begin shipout hook (HO)
)
\Hy@abspage=\count278
\c@Item=\count279
\c@Hfootnote=\count280
)
Package hyperref Info: Driver (autodetected): hxetex.

(c:/Users/david/AppData/Roaming/TinyTeX/texmf-dist/tex/latex/hyperref/hxetex.de
f
File: hxetex.def 2020/01/14 v7.00d Hyperref driver for XeTeX

(c:/Users/david/AppData/Roaming/TinyTeX/texmf-dist/tex/generic/stringenc/string
enc.sty
Package: stringenc 2019/11/29 v1.12 Convert strings between diff. encodings (HO
)
)
\pdfm@box=\box48
\c@Hy@AnnotLevel=\count281
\HyField@AnnotCount=\count282
\Fld@listcount=\count283
\c@bookmark@seq@number=\count284

(c:/Users/david/AppData/Roaming/TinyTeX/texmf-dist/tex/latex/rerunfilecheck/rer
unfilecheck.sty
Package: rerunfilecheck 2019/12/05 v1.9 Rerun checks for auxiliary files (HO)

(c:/Users/david/AppData/Roaming/TinyTeX/texmf-dist/tex/latex/atveryend/atveryen
d.sty
Package: atveryend 2019-12-11 v1.11 Hooks at the very end of document (HO)
)
(c:/Users/david/AppData/Roaming/TinyTeX/texmf-dist/tex/generic/uniquecounter/un
iquecounter.sty
Package: uniquecounter 2019/12/15 v1.4 Provide unlimited unique counter (HO)
)
Package uniquecounter Info: New unique counter `rerunfilecheck' on input line 2
86.
)
\Hy@SectionHShift=\skip52
)
Package hyperref Info: Option `breaklinks' set `true' on input line 30.
(c:/Users/david/AppData/Roaming/TinyTeX/texmf-dist/tex/latex/natbib/natbib.sty
Package: natbib 2010/09/13 8.31b (PWD, AO)
\bibhang=\skip53
\bibsep=\skip54
LaTeX Info: Redefining \cite on input line 694.
\c@NAT@ctr=\count285
)
(c:/Users/david/AppData/Roaming/TinyTeX/texmf-dist/tex/latex/graphics/color.sty
Package: color 2019/11/23 v1.2a Standard LaTeX Color (DPC)

(c:/Users/david/AppData/Roaming/TinyTeX/texmf-dist/tex/latex/graphics-cfg/color
.cfg
File: color.cfg 2016/01/02 v1.6 sample color configuration
)
Package color Info: Driver file: xetex.def on input line 147.

(c:/Users/david/AppData/Roaming/TinyTeX/texmf-dist/tex/latex/graphics-def/xetex
.def
File: xetex.def 2017/06/24 v5.0h Graphics/color driver for xetex
))
(c:/Users/david/AppData/Roaming/TinyTeX/texmf-dist/tex/latex/fancyvrb/fancyvrb.
sty
Package: fancyvrb 2020/01/13 v3.5 verbatim text (tvz,hv)
\FV@CodeLineNo=\count286
\FV@InFile=\read2
\FV@TabBox=\box49
\c@FancyVerbLine=\count287
\FV@StepNumber=\count288
\FV@OutFile=\write3
) (c:/Users/david/AppData/Roaming/TinyTeX/texmf-dist/tex/latex/framed/framed.st
y
Package: framed 2011/10/22 v 0.96: framed or shaded text with page breaks
\OuterFrameSep=\skip55
\fb@frw=\dimen151
\fb@frh=\dimen152
\FrameRule=\dimen153
\FrameSep=\dimen154
)
(c:/Users/david/AppData/Roaming/TinyTeX/texmf-dist/tex/latex/tools/longtable.st
y
Package: longtable 2020/01/07 v4.13 Multi-page Table package (DPC)
\LTleft=\skip56
\LTright=\skip57
\LTpre=\skip58
\LTpost=\skip59
\LTchunksize=\count289
\LTcapwidth=\dimen155
\LT@head=\box50
\LT@firsthead=\box51
\LT@foot=\box52
\LT@lastfoot=\box53
\LT@cols=\count290
\LT@rows=\count291
\c@LT@tables=\count292
\c@LT@chunks=\count293
\LT@p@ftn=\toks23
)
(c:/Users/david/AppData/Roaming/TinyTeX/texmf-dist/tex/latex/booktabs/booktabs.
sty
Package: booktabs 2020/01/12 v1.61803398 Publication quality tables
\heavyrulewidth=\dimen156
\lightrulewidth=\dimen157
\cmidrulewidth=\dimen158
\belowrulesep=\dimen159
\belowbottomsep=\dimen160
\aboverulesep=\dimen161
\abovetopsep=\dimen162
\cmidrulesep=\dimen163
\cmidrulekern=\dimen164
\defaultaddspace=\dimen165
\@cmidla=\count294
\@cmidlb=\count295
\@aboverulesep=\dimen166
\@belowrulesep=\dimen167
\@thisruleclass=\count296
\@lastruleclass=\count297
\@thisrulewidth=\dimen168
)
(c:/Users/david/AppData/Roaming/TinyTeX/texmf-dist/tex/latex/graphics/graphicx.
sty
Package: graphicx 2019/11/30 v1.2a Enhanced LaTeX Graphics (DPC,SPQR)

(c:/Users/david/AppData/Roaming/TinyTeX/texmf-dist/tex/latex/graphics/graphics.
sty
Package: graphics 2019/11/30 v1.4a Standard LaTeX Graphics (DPC,SPQR)
(c:/Users/david/AppData/Roaming/TinyTeX/texmf-dist/tex/latex/graphics/trig.sty
Package: trig 2016/01/03 v1.10 sin cos tan (DPC)
)
(c:/Users/david/AppData/Roaming/TinyTeX/texmf-dist/tex/latex/graphics-cfg/graph
ics.cfg
File: graphics.cfg 2016/06/04 v1.11 sample graphics configuration
)
Package graphics Info: Driver file: xetex.def on input line 105.
)
\Gin@req@height=\dimen169
\Gin@req@width=\dimen170
)
(c:/Users/david/AppData/Roaming/TinyTeX/texmf-dist/tex/latex/grffile/grffile.st
y
Package: grffile 2019/11/11 v2.1 Extended file name support for graphics (legac
y)
Package grffile Info: This package is an empty stub for compatibility on input 
line 40.
) (./R-for-HR.aux

LaTeX Warning: Label `video-tutorial' multiply defined.


LaTeX Warning: Label `summary' multiply defined.


LaTeX Warning: Label `video-tutorial' multiply defined.


LaTeX Warning: Label `functions-packages-introduced' multiply defined.


LaTeX Warning: Label `summary' multiply defined.


LaTeX Warning: Label `video-tutorial' multiply defined.


LaTeX Warning: Label `functions-packages-introduced' multiply defined.


LaTeX Warning: Label `summary' multiply defined.


LaTeX Warning: Label `video-tutorial' multiply defined.


LaTeX Warning: Label `functions-packages-introduced' multiply defined.


LaTeX Warning: Label `initial-steps' multiply defined.


LaTeX Warning: Label `summary' multiply defined.


LaTeX Warning: Label `video-tutorial' multiply defined.


LaTeX Warning: Label `functions-packages-introduced' multiply defined.


LaTeX Warning: Label `initial-steps' multiply defined.


LaTeX Warning: Label `summary' multiply defined.


LaTeX Warning: Label `video-tutorial' multiply defined.


LaTeX Warning: Label `functions-packages-introduced' multiply defined.


LaTeX Warning: Label `summary' multiply defined.


LaTeX Warning: Label `video-tutorial' multiply defined.


LaTeX Warning: Label `functions-packages-introduced' multiply defined.


LaTeX Warning: Label `summary' multiply defined.


LaTeX Warning: Label `video-tutorial' multiply defined.


LaTeX Warning: Label `functions-packages-introduced' multiply defined.


LaTeX Warning: Label `summary' multiply defined.


LaTeX Warning: Label `functions-packages-introduced' multiply defined.


LaTeX Warning: Label `functions-packages-introduced' multiply defined.

)
\openout1 = `R-for-HR.aux'.

LaTeX Font Info:    Checking defaults for OML/cmm/m/it on input line 118.
LaTeX Font Info:    ... okay on input line 118.
LaTeX Font Info:    Checking defaults for OMS/cmsy/m/n on input line 118.
LaTeX Font Info:    ... okay on input line 118.
LaTeX Font Info:    Checking defaults for OT1/cmr/m/n on input line 118.
LaTeX Font Info:    ... okay on input line 118.
LaTeX Font Info:    Checking defaults for T1/cmr/m/n on input line 118.
LaTeX Font Info:    ... okay on input line 118.
LaTeX Font Info:    Checking defaults for TS1/cmr/m/n on input line 118.
LaTeX Font Info:    Trying to load font information for TS1+cmr on input line 1
18.
(c:/Users/david/AppData/Roaming/TinyTeX/texmf-dist/tex/latex/base/ts1cmr.fd
File: ts1cmr.fd 2019/12/16 v2.5j Standard LaTeX font definitions
)
LaTeX Font Info:    ... okay on input line 118.
LaTeX Font Info:    Checking defaults for TU/lmr/m/n on input line 118.
LaTeX Font Info:    ... okay on input line 118.
LaTeX Font Info:    Checking defaults for OMX/cmex/m/n on input line 118.
LaTeX Font Info:    ... okay on input line 118.
LaTeX Font Info:    Checking defaults for U/cmr/m/n on input line 118.
LaTeX Font Info:    ... okay on input line 118.
LaTeX Font Info:    Checking defaults for PD1/pdf/m/n on input line 118.
LaTeX Font Info:    ... okay on input line 118.
LaTeX Font Info:    Checking defaults for PU/pdf/m/n on input line 118.
LaTeX Font Info:    ... okay on input line 118.
\AtBeginShipoutBox=\box54
Package hyperref Info: Link coloring OFF on input line 118.

(c:/Users/david/AppData/Roaming/TinyTeX/texmf-dist/tex/latex/hyperref/nameref.s
ty
Package: nameref 2019/09/16 v2.46 Cross-referencing by name of section

(c:/Users/david/AppData/Roaming/TinyTeX/texmf-dist/tex/latex/refcount/refcount.
sty
Package: refcount 2019/12/15 v3.6 Data extraction from label references (HO)
)
(c:/Users/david/AppData/Roaming/TinyTeX/texmf-dist/tex/generic/gettitlestring/g
ettitlestring.sty
Package: gettitlestring 2019/12/15 v1.6 Cleanup title references (HO)
)
\c@section@level=\count298
)
LaTeX Info: Redefining \ref on input line 118.
LaTeX Info: Redefining \pageref on input line 118.
LaTeX Info: Redefining \nameref on input line 118.
(./R-for-HR.out) (./R-for-HR.out)
\@outlinefile=\write4
\openout4 = `R-for-HR.out'.

LaTeX Font Info:    Trying to load font information for OT1+lmr on input line 1
20.
(c:/Users/david/AppData/Roaming/TinyTeX/texmf-dist/tex/latex/lm/ot1lmr.fd
File: ot1lmr.fd 2009/10/30 v1.6 Font defs for Latin Modern
)
LaTeX Font Info:    Trying to load font information for OML+lmm on input line 1
20.
(c:/Users/david/AppData/Roaming/TinyTeX/texmf-dist/tex/latex/lm/omllmm.fd
File: omllmm.fd 2009/10/30 v1.6 Font defs for Latin Modern
)
LaTeX Font Info:    Trying to load font information for OMS+lmsy on input line 
120.
(c:/Users/david/AppData/Roaming/TinyTeX/texmf-dist/tex/latex/lm/omslmsy.fd
File: omslmsy.fd 2009/10/30 v1.6 Font defs for Latin Modern
)
LaTeX Font Info:    Trying to load font information for OMX+lmex on input line 
120.
(c:/Users/david/AppData/Roaming/TinyTeX/texmf-dist/tex/latex/lm/omxlmex.fd
File: omxlmex.fd 2009/10/30 v1.6 Font defs for Latin Modern
)
LaTeX Font Info:    External font `lmex10' loaded for size
(Font)              <12> on input line 120.
LaTeX Font Info:    External font `lmex10' loaded for size
(Font)              <8> on input line 120.
LaTeX Font Info:    External font `lmex10' loaded for size
(Font)              <6> on input line 120.
LaTeX Font Info:    Trying to load font information for U+msa on input line 120
.
(c:/Users/david/AppData/Roaming/TinyTeX/texmf-dist/tex/latex/amsfonts/umsa.fd
File: umsa.fd 2013/01/14 v3.01 AMS symbols A
)
LaTeX Font Info:    Trying to load font information for U+msb on input line 120
.
(c:/Users/david/AppData/Roaming/TinyTeX/texmf-dist/tex/latex/amsfonts/umsb.fd
File: umsb.fd 2013/01/14 v3.01 AMS symbols B
) [1


] [2

] (./R-for-HR.toc
LaTeX Font Info:    External font `lmex10' loaded for size
(Font)              <10> on input line 2.
LaTeX Font Info:    External font `lmex10' loaded for size
(Font)              <7> on input line 2.
LaTeX Font Info:    External font `lmex10' loaded for size
(Font)              <5> on input line 2.
[3] [4])
\tf@toc=\write5
\openout5 = `R-for-HR.toc'.

[5] [6

]
File: deloittetrends.png Graphic file (type bmp)
<deloittetrends.png>
[7]
File: hraplc.png Graphic file (type bmp)
<hraplc.png>
File: scientificprocess.png Graphic file (type bmp)
<scientificprocess.png>
[8] [9] [10] [11] [12] [13] [14] [15

] [16]
Chapter 1.
[17

]
Underfull \hbox (badness 10000) in paragraph at lines 532--535

 []


Underfull \hbox (badness 10000) in paragraph at lines 535--538

 []

[18]
Chapter 2.
[19

]
LaTeX Font Info:    Font shape `TU/lmtt/bx/n' in size <10> not available
(Font)              Font shape `TU/lmtt/b/n' tried instead on input line 602.
File: ConsoleWD.png Graphic file (type bmp)
<ConsoleWD.png>
[20]
File: Set Working Directory.png Graphic file (type bmp)
<Set Working Directory.png>
[21]
File: New R Script.png Graphic file (type bmp)
<New R Script.png>
File: Using an R Script.png Graphic file (type bmp)
<Using an R Script.png>
[22] [23] [24]
File: Saving R Script.png Graphic file (type bmp)
<Saving R Script.png>
File: Opening R Script.png Graphic file (type bmp)
<Opening R Script.png>
File: Create R Project.png Graphic file (type bmp)
<Create R Project.png>
File: Project Window.png Graphic file (type bmp)
<Project Window.png>
File: Project Type.png Graphic file (type bmp)
<Project Type.png>
File: Create New Project.png Graphic file (type bmp)
<Create New Project.png>
[25] [26] [27] [28] [29]
File: Open Project.png Graphic file (type bmp)
<Open Project.png>
[30] [31] [32]
Chapter 3.
[33

]
Overfull \hbox (24.09233pt too wide) has occurred while \output is active
\TU/lmr/m/n/10 34 \TU/lmr/m/sl/10 CHAPTER 3.  BASIC FEATURES AND OPERATIONS OF 
THE R LANGUAGE
 []

[34] [35]
Overfull \hbox (24.09233pt too wide) has occurred while \output is active
\TU/lmr/m/n/10 36 \TU/lmr/m/sl/10 CHAPTER 3.  BASIC FEATURES AND OPERATIONS OF 
THE R LANGUAGE
 []

[36] [37]
LaTeX Font Info:    Font shape `TU/lmtt/bx/n' in size <12> not available
(Font)              Font shape `TU/lmtt/b/n' tried instead on input line 1201.

Overfull \hbox (24.09233pt too wide) has occurred while \output is active
\TU/lmr/m/n/10 38 \TU/lmr/m/sl/10 CHAPTER 3.  BASIC FEATURES AND OPERATIONS OF 
THE R LANGUAGE
 []

[38] [39]
Overfull \hbox (24.09233pt too wide) has occurred while \output is active
\TU/lmr/m/n/10 40 \TU/lmr/m/sl/10 CHAPTER 3.  BASIC FEATURES AND OPERATIONS OF 
THE R LANGUAGE
 []

[40] [41]
Overfull \hbox (24.09233pt too wide) has occurred while \output is active
\TU/lmr/m/n/10 42 \TU/lmr/m/sl/10 CHAPTER 3.  BASIC FEATURES AND OPERATIONS OF 
THE R LANGUAGE
 []

[42]
Overfull \hbox (27.75pt too wide) in paragraph at lines 1610--1610
[]\TU/lmtt/m/n/10 ## [1] "2018-06-01" "2018-06-01" "2018-10-31" "2018-01-01" "2
018-06-01"[] 
 []

[43]
Overfull \hbox (24.09233pt too wide) has occurred while \output is active
\TU/lmr/m/n/10 44 \TU/lmr/m/sl/10 CHAPTER 3.  BASIC FEATURES AND OPERATIONS OF 
THE R LANGUAGE
 []

[44] [45]
Overfull \hbox (24.09233pt too wide) has occurred while \output is active
\TU/lmr/m/n/10 46 \TU/lmr/m/sl/10 CHAPTER 3.  BASIC FEATURES AND OPERATIONS OF 
THE R LANGUAGE
 []

[46] [47]
Overfull \hbox (24.09233pt too wide) has occurred while \output is active
\TU/lmr/m/n/10 48 \TU/lmr/m/sl/10 CHAPTER 3.  BASIC FEATURES AND OPERATIONS OF 
THE R LANGUAGE
 []

[48] [49

] [50]
Chapter 4.
[51

] [52] [53]
File: dfobject.png Graphic file (type bmp)
<dfobject.png>
[54] [55] [56]
Underfull \hbox (badness 1412) in paragraph at lines 2319--2325
\TU/lmr/m/n/10 Type \TU/lmtt/m/n/10 "readr" \TU/lmr/m/n/10 (note the quotation 
marks) into the parentheses of the
 []

[57]
Underfull \hbox (badness 10000) in paragraph at lines 2381--2387
\TU/lmr/m/n/10 URL: []$[][][][][] [] [] [] [][][] [] [][][][][][][][][][][][][]
[][][][] [] [][][] [] [][][][][][][][][][][][][] [] [] [][] [][][][][][][][] []
[] [][][][] [][]
 []

[58]
Overfull \hbox (1.5pt too wide) in paragraph at lines 2465--2465
[]\TU/lmtt/m/n/10 ## To read a csv or Excel file of variable labels, var_labels
=TRUE[] 
 []


Overfull \hbox (27.75pt too wide) in paragraph at lines 2465--2465
[]\TU/lmtt/m/n/10 ## Details about your data, Enter:  details()  for d, or  det
ails(name)[] 
 []


Overfull \hbox (38.25pt too wide) in paragraph at lines 2465--2465
[]\TU/lmtt/m/n/10 ##          Name     Type  Values  Values  Values   First and
 last values[] 
 []


Overfull \hbox (143.25pt too wide) in paragraph at lines 2465--2465
[]\TU/lmtt/m/n/10 ## ----------------------------------------------------------
--------------------------------[] 
 []


Overfull \hbox (90.75pt too wide) in paragraph at lines 2465--2465
[]\TU/lmtt/m/n/10 ##  1         id   integer      9       0       9   153  154 
 155 ... 198  201  282[] 
 []


Overfull \hbox (138.0pt too wide) in paragraph at lines 2465--2465
[]\TU/lmtt/m/n/10 ##  2   lastname character      9       0       9   Sanchez  
McDonald ... Providence  Legend[] 
 []


Overfull \hbox (101.25pt too wide) in paragraph at lines 2465--2465
[]\TU/lmtt/m/n/10 ##  3  firstname character      9       0       8   Alejandro
  Ronald ... Cindy  John[] 
 []


Overfull \hbox (143.25pt too wide) in paragraph at lines 2465--2465
[]\TU/lmtt/m/n/10 ##  4  startdate character      9       0       5   1/1/2016 
 1/9/2016 ... 1/9/2016  1/9/2016[] 
 []


Overfull \hbox (143.25pt too wide) in paragraph at lines 2465--2465
[]\TU/lmtt/m/n/10 ##  5     gender character      9       0       2   male  mal
e  male ... female  female  male[] 
 []


Overfull \hbox (143.25pt too wide) in paragraph at lines 2465--2465
[]\TU/lmtt/m/n/10 ## ----------------------------------------------------------
--------------------------------[] 
 []

[59]
Overfull \hbox (1.5pt too wide) in paragraph at lines 2520--2520
[]\TU/lmtt/m/n/10 ## To read a csv or Excel file of variable labels, var_labels
=TRUE[] 
 []


Overfull \hbox (27.75pt too wide) in paragraph at lines 2520--2520
[]\TU/lmtt/m/n/10 ## Details about your data, Enter:  details()  for d, or  det
ails(name)[] 
 []


Overfull \hbox (38.25pt too wide) in paragraph at lines 2520--2520
[]\TU/lmtt/m/n/10 ##          Name     Type  Values  Values  Values   First and
 last values[] 
 []


Overfull \hbox (143.25pt too wide) in paragraph at lines 2520--2520
[]\TU/lmtt/m/n/10 ## ----------------------------------------------------------
--------------------------------[] 
 []


Overfull \hbox (90.75pt too wide) in paragraph at lines 2520--2520
[]\TU/lmtt/m/n/10 ##  1         id   integer      9       0       9   153  154 
 155 ... 198  201  282[] 
 []


Overfull \hbox (138.0pt too wide) in paragraph at lines 2520--2520
[]\TU/lmtt/m/n/10 ##  2   lastname character      9       0       9   Sanchez  
McDonald ... Providence  Legend[] 
 []


Overfull \hbox (101.25pt too wide) in paragraph at lines 2520--2520
[]\TU/lmtt/m/n/10 ##  3  firstname character      9       0       8   Alejandro
  Ronald ... Cindy  John[] 
 []


Overfull \hbox (143.25pt too wide) in paragraph at lines 2520--2520
[]\TU/lmtt/m/n/10 ##  4  startdate character      9       0       5   1/1/2016 
 1/9/2016 ... 1/9/2016  1/9/2016[] 
 []


Overfull \hbox (143.25pt too wide) in paragraph at lines 2520--2520
[]\TU/lmtt/m/n/10 ##  5     gender character      9       0       2   male  mal
e  male ... female  female  male[] 
 []


Overfull \hbox (143.25pt too wide) in paragraph at lines 2520--2520
[]\TU/lmtt/m/n/10 ## ----------------------------------------------------------
--------------------------------[] 
 []

[60] [61] [62] [63] [64] [65] [66]
Chapter 5.
[67

] [68] [69]
Underfull \hbox (badness 1092) in paragraph at lines 3032--3034
[]\TU/lmr/m/n/10 As you can see, the variable names do not appear in the overwr
itten
 []

[70] [71] [72

]
Chapter 6.
[73] [74] [75] [76] [77] [78] [79

] [80]
Chapter 7.
[81

] [82] [83] [84] [85] [86] [87] [88] [89] [90] [91] [92

]
Chapter 8.
File: horizontal_join.png Graphic file (type bmp)
<horizontal_join.png>
[93]
File: inner_join.png Graphic file (type bmp)
<inner_join.png>
[94]
File: full_join.png Graphic file (type bmp)
<full_join.png>
File: left_join.png Graphic file (type bmp)
<left_join.png>
File: right_join.png Graphic file (type bmp)
<right_join.png>
[95]
File: vertical_join.png Graphic file (type bmp)
<vertical_join.png>
[96] [97] [98] [99] [100] [101]
Underfull \hbox (badness 1048) in paragraph at lines 4486--4495
[]\TU/lmr/m/n/10 Using the aformentioned \TU/lmtt/m/n/10 join \TU/lmr/m/n/10 fu
nctions, we will match cases from the
 []

[102]
Overfull \hbox (75.0pt too wide) in paragraph at lines 4618--4618
[]\TU/lmtt/m/n/10 ##      id lastname   firstname startdate gender perf_q1 perf
_q2 perf_q3 perf_q4[] 
 []


Overfull \hbox (75.0pt too wide) in paragraph at lines 4618--4618
[]\TU/lmtt/m/n/10 ##   <dbl> <chr>      <chr>     <chr>     <chr>    <dbl>   <d
bl>   <dbl>   <dbl>[] 
 []

[103]
Overfull \hbox (75.0pt too wide) in paragraph at lines 4618--4618
[]\TU/lmtt/m/n/10 ## 1   125 Franklin   Benjamin  1/5/2016  male       2.1     
1.9     2.1     2.3[] 
 []


Overfull \hbox (75.0pt too wide) in paragraph at lines 4618--4618
[]\TU/lmtt/m/n/10 ## 2   111 Newton     Isaac     1/9/2016  male       3.3     
3.3     3.4     3.3[] 
 []


Overfull \hbox (75.0pt too wide) in paragraph at lines 4618--4618
[]\TU/lmtt/m/n/10 ## 3   198 Morales    Linda     1/7/2016  female     4.9     
4.5     4.4     4.8[] 
 []


Overfull \hbox (64.5pt too wide) in paragraph at lines 4618--4618
[]\TU/lmtt/m/n/10 ## 4   201 Providence Cindy     1/9/2016  female     1.2     
1.1     1       1[] 
 []


Overfull \hbox (75.0pt too wide) in paragraph at lines 4618--4618
[]\TU/lmtt/m/n/10 ## 5   282 Legend     John      1/9/2016  male       2.2     
2.3     2.4     2.5[] 
 []

[104]
Overfull \hbox (75.0pt too wide) in paragraph at lines 4706--4706
[]\TU/lmtt/m/n/10 ##      id lastname   firstname startdate gender perf_q1 perf
_q2 perf_q3 perf_q4[] 
 []


Overfull \hbox (75.0pt too wide) in paragraph at lines 4706--4706
[]\TU/lmtt/m/n/10 ##   <dbl> <chr>      <chr>     <chr>     <chr>    <dbl>   <d
bl>   <dbl>   <dbl>[] 
 []


Overfull \hbox (64.5pt too wide) in paragraph at lines 4706--4706
[]\TU/lmtt/m/n/10 ## 1   154 McDonald   Ronald    1/9/2016  male      NA      N
A      NA      NA[] 
 []


Overfull \hbox (64.5pt too wide) in paragraph at lines 4706--4706
[]\TU/lmtt/m/n/10 ## 2   155 Smith      John      1/9/2016  male      NA      N
A      NA      NA[] 
 []


Overfull \hbox (64.5pt too wide) in paragraph at lines 4706--4706
[]\TU/lmtt/m/n/10 ## 3   165 Doe        Jane      1/4/2016  female    NA      N
A      NA      NA[] 
 []


Overfull \hbox (75.0pt too wide) in paragraph at lines 4706--4706
[]\TU/lmtt/m/n/10 ## 4   125 Franklin   Benjamin  1/5/2016  male       2.1     
1.9     2.1     2.3[] 
 []


Overfull \hbox (75.0pt too wide) in paragraph at lines 4706--4706
[]\TU/lmtt/m/n/10 ## 5   111 Newton     Isaac     1/9/2016  male       3.3     
3.3     3.4     3.3[] 
 []


Overfull \hbox (75.0pt too wide) in paragraph at lines 4706--4706
[]\TU/lmtt/m/n/10 ## 6   198 Morales    Linda     1/7/2016  female     4.9     
4.5     4.4     4.8[] 
 []


Overfull \hbox (64.5pt too wide) in paragraph at lines 4706--4706
[]\TU/lmtt/m/n/10 ## 7   201 Providence Cindy     1/9/2016  female     1.2     
1.1     1       1[] 
 []


Overfull \hbox (75.0pt too wide) in paragraph at lines 4706--4706
[]\TU/lmtt/m/n/10 ## 8   282 Legend     John      1/9/2016  male       2.2     
2.3     2.4     2.5[] 
 []


Overfull \hbox (64.5pt too wide) in paragraph at lines 4706--4706
[]\TU/lmtt/m/n/10 ## 9   153 <NA>       <NA>      <NA>      <NA>       3.9     
4.8     4.9     5[] 
 []


Overfull \hbox (75.0pt too wide) in paragraph at lines 4740--4740
[]\TU/lmtt/m/n/10 ##      id lastname   firstname startdate gender perf_q1 perf
_q2 perf_q3 perf_q4[] 
 []


Overfull \hbox (75.0pt too wide) in paragraph at lines 4740--4740
[]\TU/lmtt/m/n/10 ##   <dbl> <chr>      <chr>     <chr>     <chr>    <dbl>   <d
bl>   <dbl>   <dbl>[] 
 []


Overfull \hbox (64.5pt too wide) in paragraph at lines 4740--4740
[]\TU/lmtt/m/n/10 ## 1   154 McDonald   Ronald    1/9/2016  male      NA      N
A      NA      NA[] 
 []

[105]
Overfull \hbox (64.5pt too wide) in paragraph at lines 4740--4740
[]\TU/lmtt/m/n/10 ## 2   155 Smith      John      1/9/2016  male      NA      N
A      NA      NA[] 
 []


Overfull \hbox (64.5pt too wide) in paragraph at lines 4740--4740
[]\TU/lmtt/m/n/10 ## 3   165 Doe        Jane      1/4/2016  female    NA      N
A      NA      NA[] 
 []


Overfull \hbox (75.0pt too wide) in paragraph at lines 4740--4740
[]\TU/lmtt/m/n/10 ## 4   125 Franklin   Benjamin  1/5/2016  male       2.1     
1.9     2.1     2.3[] 
 []


Overfull \hbox (75.0pt too wide) in paragraph at lines 4740--4740
[]\TU/lmtt/m/n/10 ## 5   111 Newton     Isaac     1/9/2016  male       3.3     
3.3     3.4     3.3[] 
 []


Overfull \hbox (75.0pt too wide) in paragraph at lines 4740--4740
[]\TU/lmtt/m/n/10 ## 6   198 Morales    Linda     1/7/2016  female     4.9     
4.5     4.4     4.8[] 
 []


Overfull \hbox (64.5pt too wide) in paragraph at lines 4740--4740
[]\TU/lmtt/m/n/10 ## 7   201 Providence Cindy     1/9/2016  female     1.2     
1.1     1       1[] 
 []


Overfull \hbox (75.0pt too wide) in paragraph at lines 4740--4740
[]\TU/lmtt/m/n/10 ## 8   282 Legend     John      1/9/2016  male       2.2     
2.3     2.4     2.5[] 
 []


Overfull \hbox (75.0pt too wide) in paragraph at lines 4775--4775
[]\TU/lmtt/m/n/10 ##      id lastname   firstname startdate gender perf_q1 perf
_q2 perf_q3 perf_q4[] 
 []


Overfull \hbox (75.0pt too wide) in paragraph at lines 4775--4775
[]\TU/lmtt/m/n/10 ##   <dbl> <chr>      <chr>     <chr>     <chr>    <dbl>   <d
bl>   <dbl>   <dbl>[] 
 []


Overfull \hbox (75.0pt too wide) in paragraph at lines 4775--4775
[]\TU/lmtt/m/n/10 ## 1   125 Franklin   Benjamin  1/5/2016  male       2.1     
1.9     2.1     2.3[] 
 []


Overfull \hbox (75.0pt too wide) in paragraph at lines 4775--4775
[]\TU/lmtt/m/n/10 ## 2   111 Newton     Isaac     1/9/2016  male       3.3     
3.3     3.4     3.3[] 
 []


Overfull \hbox (75.0pt too wide) in paragraph at lines 4775--4775
[]\TU/lmtt/m/n/10 ## 3   198 Morales    Linda     1/7/2016  female     4.9     
4.5     4.4     4.8[] 
 []


Overfull \hbox (64.5pt too wide) in paragraph at lines 4775--4775
[]\TU/lmtt/m/n/10 ## 4   201 Providence Cindy     1/9/2016  female     1.2     
1.1     1       1[] 
 []


Overfull \hbox (75.0pt too wide) in paragraph at lines 4775--4775
[]\TU/lmtt/m/n/10 ## 5   282 Legend     John      1/9/2016  male       2.2     
2.3     2.4     2.5[] 
 []


Overfull \hbox (64.5pt too wide) in paragraph at lines 4775--4775
[]\TU/lmtt/m/n/10 ## 6   153 <NA>       <NA>      <NA>      <NA>       3.9     
4.8     4.9     5[] 
 []

[106]
Overfull \hbox (75.0pt too wide) in paragraph at lines 4836--4836
[]\TU/lmtt/m/n/10 ##      id lastname   firstname startdate gender perf_q1 perf
_q2 perf_q3 perf_q4[] 
 []


Overfull \hbox (75.0pt too wide) in paragraph at lines 4836--4836
[]\TU/lmtt/m/n/10 ##   <dbl> <chr>      <chr>     <chr>     <chr>    <dbl>   <d
bl>   <dbl>   <dbl>[] 
 []


Overfull \hbox (75.0pt too wide) in paragraph at lines 4836--4836
[]\TU/lmtt/m/n/10 ## 1   125 Franklin   Benjamin  1/5/2016  male       2.1     
1.9     2.1     2.3[] 
 []


Overfull \hbox (75.0pt too wide) in paragraph at lines 4836--4836
[]\TU/lmtt/m/n/10 ## 2   111 Newton     Isaac     1/9/2016  male       3.3     
3.3     3.4     3.3[] 
 []


Overfull \hbox (75.0pt too wide) in paragraph at lines 4836--4836
[]\TU/lmtt/m/n/10 ## 3   198 Morales    Linda     1/7/2016  female     4.9     
4.5     4.4     4.8[] 
 []


Overfull \hbox (64.5pt too wide) in paragraph at lines 4836--4836
[]\TU/lmtt/m/n/10 ## 4   201 Providence Cindy     1/9/2016  female     1.2     
1.1     1       1[] 
 []


Overfull \hbox (75.0pt too wide) in paragraph at lines 4836--4836
[]\TU/lmtt/m/n/10 ## 5   282 Legend     John      1/9/2016  male       2.2     
2.3     2.4     2.5[] 
 []

[107]
Overfull \hbox (75.0pt too wide) in paragraph at lines 4924--4924
[]\TU/lmtt/m/n/10 ##      id lastname   firstname startdate gender perf_q1 perf
_q2 perf_q3 perf_q4[] 
 []

[108]
Overfull \hbox (75.0pt too wide) in paragraph at lines 4924--4924
[]\TU/lmtt/m/n/10 ##   <dbl> <chr>      <chr>     <chr>     <chr>    <dbl>   <d
bl>   <dbl>   <dbl>[] 
 []


Overfull \hbox (64.5pt too wide) in paragraph at lines 4924--4924
[]\TU/lmtt/m/n/10 ## 1   154 McDonald   Ronald    1/9/2016  male      NA      N
A      NA      NA[] 
 []


Overfull \hbox (64.5pt too wide) in paragraph at lines 4924--4924
[]\TU/lmtt/m/n/10 ## 2   155 Smith      John      1/9/2016  male      NA      N
A      NA      NA[] 
 []


Overfull \hbox (64.5pt too wide) in paragraph at lines 4924--4924
[]\TU/lmtt/m/n/10 ## 3   165 Doe        Jane      1/4/2016  female    NA      N
A      NA      NA[] 
 []


Overfull \hbox (75.0pt too wide) in paragraph at lines 4924--4924
[]\TU/lmtt/m/n/10 ## 4   125 Franklin   Benjamin  1/5/2016  male       2.1     
1.9     2.1     2.3[] 
 []


Overfull \hbox (75.0pt too wide) in paragraph at lines 4924--4924
[]\TU/lmtt/m/n/10 ## 5   111 Newton     Isaac     1/9/2016  male       3.3     
3.3     3.4     3.3[] 
 []


Overfull \hbox (75.0pt too wide) in paragraph at lines 4924--4924
[]\TU/lmtt/m/n/10 ## 6   198 Morales    Linda     1/7/2016  female     4.9     
4.5     4.4     4.8[] 
 []


Overfull \hbox (64.5pt too wide) in paragraph at lines 4924--4924
[]\TU/lmtt/m/n/10 ## 7   201 Providence Cindy     1/9/2016  female     1.2     
1.1     1       1[] 
 []


Overfull \hbox (75.0pt too wide) in paragraph at lines 4924--4924
[]\TU/lmtt/m/n/10 ## 8   282 Legend     John      1/9/2016  male       2.2     
2.3     2.4     2.5[] 
 []


Overfull \hbox (64.5pt too wide) in paragraph at lines 4924--4924
[]\TU/lmtt/m/n/10 ## 9   153 <NA>       <NA>      <NA>      <NA>       3.9     
4.8     4.9     5[] 
 []


Overfull \hbox (75.0pt too wide) in paragraph at lines 4958--4958
[]\TU/lmtt/m/n/10 ##      id lastname   firstname startdate gender perf_q1 perf
_q2 perf_q3 perf_q4[] 
 []


Overfull \hbox (75.0pt too wide) in paragraph at lines 4958--4958
[]\TU/lmtt/m/n/10 ##   <dbl> <chr>      <chr>     <chr>     <chr>    <dbl>   <d
bl>   <dbl>   <dbl>[] 
 []


Overfull \hbox (64.5pt too wide) in paragraph at lines 4958--4958
[]\TU/lmtt/m/n/10 ## 1   154 McDonald   Ronald    1/9/2016  male      NA      N
A      NA      NA[] 
 []


Overfull \hbox (64.5pt too wide) in paragraph at lines 4958--4958
[]\TU/lmtt/m/n/10 ## 2   155 Smith      John      1/9/2016  male      NA      N
A      NA      NA[] 
 []


Overfull \hbox (64.5pt too wide) in paragraph at lines 4958--4958
[]\TU/lmtt/m/n/10 ## 3   165 Doe        Jane      1/4/2016  female    NA      N
A      NA      NA[] 
 []


Overfull \hbox (75.0pt too wide) in paragraph at lines 4958--4958
[]\TU/lmtt/m/n/10 ## 4   125 Franklin   Benjamin  1/5/2016  male       2.1     
1.9     2.1     2.3[] 
 []


Overfull \hbox (75.0pt too wide) in paragraph at lines 4958--4958
[]\TU/lmtt/m/n/10 ## 5   111 Newton     Isaac     1/9/2016  male       3.3     
3.3     3.4     3.3[] 
 []


Overfull \hbox (75.0pt too wide) in paragraph at lines 4958--4958
[]\TU/lmtt/m/n/10 ## 6   198 Morales    Linda     1/7/2016  female     4.9     
4.5     4.4     4.8[] 
 []


Overfull \hbox (64.5pt too wide) in paragraph at lines 4958--4958
[]\TU/lmtt/m/n/10 ## 7   201 Providence Cindy     1/9/2016  female     1.2     
1.1     1       1[] 
 []


Overfull \hbox (75.0pt too wide) in paragraph at lines 4958--4958
[]\TU/lmtt/m/n/10 ## 8   282 Legend     John      1/9/2016  male       2.2     
2.3     2.4     2.5[] 
 []

[109]
Overfull \hbox (75.0pt too wide) in paragraph at lines 4993--4993
[]\TU/lmtt/m/n/10 ##      id lastname   firstname startdate gender perf_q1 perf
_q2 perf_q3 perf_q4[] 
 []


Overfull \hbox (75.0pt too wide) in paragraph at lines 4993--4993
[]\TU/lmtt/m/n/10 ##   <dbl> <chr>      <chr>     <chr>     <chr>    <dbl>   <d
bl>   <dbl>   <dbl>[] 
 []


Overfull \hbox (75.0pt too wide) in paragraph at lines 4993--4993
[]\TU/lmtt/m/n/10 ## 1   125 Franklin   Benjamin  1/5/2016  male       2.1     
1.9     2.1     2.3[] 
 []


Overfull \hbox (75.0pt too wide) in paragraph at lines 4993--4993
[]\TU/lmtt/m/n/10 ## 2   111 Newton     Isaac     1/9/2016  male       3.3     
3.3     3.4     3.3[] 
 []


Overfull \hbox (75.0pt too wide) in paragraph at lines 4993--4993
[]\TU/lmtt/m/n/10 ## 3   198 Morales    Linda     1/7/2016  female     4.9     
4.5     4.4     4.8[] 
 []


Overfull \hbox (64.5pt too wide) in paragraph at lines 4993--4993
[]\TU/lmtt/m/n/10 ## 4   201 Providence Cindy     1/9/2016  female     1.2     
1.1     1       1[] 
 []


Overfull \hbox (75.0pt too wide) in paragraph at lines 4993--4993
[]\TU/lmtt/m/n/10 ## 5   282 Legend     John      1/9/2016  male       2.2     
2.3     2.4     2.5[] 
 []


Overfull \hbox (64.5pt too wide) in paragraph at lines 4993--4993
[]\TU/lmtt/m/n/10 ## 6   153 <NA>       <NA>      <NA>      <NA>       3.9     
4.8     4.9     5[] 
 []

[110] [111] [112]
Chapter 9.
[113

] [114] [115]
Overfull \hbox (75.0pt too wide) in paragraph at lines 5362--5362
[]\TU/lmtt/m/n/10 ##      id lastname   firstname startdate gender perf_q1 perf
_q2 perf_q3 perf_q4[] 
 []


Overfull \hbox (75.0pt too wide) in paragraph at lines 5362--5362
[]\TU/lmtt/m/n/10 ##   <dbl> <chr>      <chr>     <chr>     <chr>    <dbl>   <d
bl>   <dbl>   <dbl>[] 
 []


Overfull \hbox (64.5pt too wide) in paragraph at lines 5362--5362
[]\TU/lmtt/m/n/10 ## 1   153 Sanchez    Alejandro 1/1/2016  male       3.9     
4.8     4.9     5[] 
 []


Overfull \hbox (64.5pt too wide) in paragraph at lines 5362--5362
[]\TU/lmtt/m/n/10 ## 2   154 McDonald   Ronald    1/9/2016  male      NA      N
A      NA      NA[] 
 []

[116]
Overfull \hbox (64.5pt too wide) in paragraph at lines 5362--5362
[]\TU/lmtt/m/n/10 ## 3   155 Smith      John      1/9/2016  male      NA      N
A      NA      NA[] 
 []


Overfull \hbox (64.5pt too wide) in paragraph at lines 5362--5362
[]\TU/lmtt/m/n/10 ## 4   165 Doe        Jane      1/4/2016  female    NA      N
A      NA      NA[] 
 []


Overfull \hbox (75.0pt too wide) in paragraph at lines 5362--5362
[]\TU/lmtt/m/n/10 ## 5   125 Franklin   Benjamin  1/5/2016  male       2.1     
1.9     2.1     2.3[] 
 []


Overfull \hbox (75.0pt too wide) in paragraph at lines 5362--5362
[]\TU/lmtt/m/n/10 ## 6   111 Newton     Isaac     1/9/2016  male       3.3     
3.3     3.4     3.3[] 
 []


Overfull \hbox (75.0pt too wide) in paragraph at lines 5362--5362
[]\TU/lmtt/m/n/10 ## 7   198 Morales    Linda     1/7/2016  female     4.9     
4.5     4.4     4.8[] 
 []


Overfull \hbox (64.5pt too wide) in paragraph at lines 5362--5362
[]\TU/lmtt/m/n/10 ## 8   201 Providence Cindy     1/9/2016  female     1.2     
1.1     1       1[] 
 []


Overfull \hbox (75.0pt too wide) in paragraph at lines 5362--5362
[]\TU/lmtt/m/n/10 ## 9   282 Legend     John      1/9/2016  male       2.2     
2.3     2.4     2.5[] 
 []


Overfull \hbox (43.5pt too wide) in paragraph at lines 5415--5415
[]\TU/lmtt/m/n/10 ##  $ startdate: chr [1:9] "1/1/2016" "1/9/2016" "1/9/2016" "
1/4/2016" ...[] 
 []

[117]
LaTeX Font Info:    Font shape `TU/lmtt/bx/n' in size <14.4> not available
(Font)              Font shape `TU/lmtt/b/n' tried instead on input line 5446.
[118]
Overfull \hbox (75.0pt too wide) in paragraph at lines 5519--5519
[]\TU/lmtt/m/n/10 ##      id lastname   firstname startdate gender perf_q1 perf
_q2 perf_q3 perf_q4[] 
 []


Overfull \hbox (75.0pt too wide) in paragraph at lines 5519--5519
[]\TU/lmtt/m/n/10 ##   <dbl> <chr>      <chr>     <chr>     <chr>    <dbl>   <d
bl>   <dbl>   <dbl>[] 
 []


Overfull \hbox (64.5pt too wide) in paragraph at lines 5519--5519
[]\TU/lmtt/m/n/10 ## 1   165 Doe        Jane      1/4/2016  female    NA      N
A      NA      NA[] 
 []


Overfull \hbox (75.0pt too wide) in paragraph at lines 5519--5519
[]\TU/lmtt/m/n/10 ## 2   198 Morales    Linda     1/7/2016  female     4.9     
4.5     4.4     4.8[] 
 []


Overfull \hbox (64.5pt too wide) in paragraph at lines 5519--5519
[]\TU/lmtt/m/n/10 ## 3   201 Providence Cindy     1/9/2016  female     1.2     
1.1     1       1[] 
 []

[119]
Overfull \hbox (64.5pt too wide) in paragraph at lines 5549--5549
[]\TU/lmtt/m/n/10 ##      id lastname firstname startdate gender perf_q1 perf_q
2 perf_q3 perf_q4[] 
 []


Overfull \hbox (64.5pt too wide) in paragraph at lines 5549--5549
[]\TU/lmtt/m/n/10 ##   <dbl> <chr>    <chr>     <chr>     <chr>    <dbl>   <dbl
>   <dbl>   <dbl>[] 
 []


Overfull \hbox (54.0pt too wide) in paragraph at lines 5549--5549
[]\TU/lmtt/m/n/10 ## 1   153 Sanchez  Alejandro 1/1/2016  male       3.9     4.
8     4.9     5[] 
 []


Overfull \hbox (54.0pt too wide) in paragraph at lines 5549--5549
[]\TU/lmtt/m/n/10 ## 2   154 McDonald Ronald    1/9/2016  male      NA      NA 
     NA      NA[] 
 []


Overfull \hbox (54.0pt too wide) in paragraph at lines 5549--5549
[]\TU/lmtt/m/n/10 ## 3   155 Smith    John      1/9/2016  male      NA      NA 
     NA      NA[] 
 []


Overfull \hbox (64.5pt too wide) in paragraph at lines 5549--5549
[]\TU/lmtt/m/n/10 ## 4   125 Franklin Benjamin  1/5/2016  male       2.1     1.
9     2.1     2.3[] 
 []


Overfull \hbox (64.5pt too wide) in paragraph at lines 5549--5549
[]\TU/lmtt/m/n/10 ## 5   111 Newton   Isaac     1/9/2016  male       3.3     3.
3     3.4     3.3[] 
 []


Overfull \hbox (64.5pt too wide) in paragraph at lines 5549--5549
[]\TU/lmtt/m/n/10 ## 6   282 Legend   John      1/9/2016  male       2.2     2.
3     2.4     2.5[] 
 []


Overfull \hbox (64.5pt too wide) in paragraph at lines 5577--5577
[]\TU/lmtt/m/n/10 ##      id lastname firstname startdate gender perf_q1 perf_q
2 perf_q3 perf_q4[] 
 []


Overfull \hbox (64.5pt too wide) in paragraph at lines 5577--5577
[]\TU/lmtt/m/n/10 ##   <dbl> <chr>    <chr>     <chr>     <chr>    <dbl>   <dbl
>   <dbl>   <dbl>[] 
 []


Overfull \hbox (54.0pt too wide) in paragraph at lines 5577--5577
[]\TU/lmtt/m/n/10 ## 1   153 Sanchez  Alejandro 1/1/2016  male       3.9     4.
8     4.9     5[] 
 []


Overfull \hbox (64.5pt too wide) in paragraph at lines 5577--5577
[]\TU/lmtt/m/n/10 ## 2   198 Morales  Linda     1/7/2016  female     4.9     4.
5     4.4     4.8[] 
 []


Overfull \hbox (75.0pt too wide) in paragraph at lines 5603--5603
[]\TU/lmtt/m/n/10 ##      id lastname   firstname startdate gender perf_q1 perf
_q2 perf_q3 perf_q4[] 
 []

[120]
Overfull \hbox (75.0pt too wide) in paragraph at lines 5603--5603
[]\TU/lmtt/m/n/10 ##   <dbl> <chr>      <chr>     <chr>     <chr>    <dbl>   <d
bl>   <dbl>   <dbl>[] 
 []


Overfull \hbox (64.5pt too wide) in paragraph at lines 5603--5603
[]\TU/lmtt/m/n/10 ## 1   153 Sanchez    Alejandro 1/1/2016  male       3.9     
4.8     4.9     5[] 
 []


Overfull \hbox (64.5pt too wide) in paragraph at lines 5603--5603
[]\TU/lmtt/m/n/10 ## 2   165 Doe        Jane      1/4/2016  female    NA      N
A      NA      NA[] 
 []


Overfull \hbox (75.0pt too wide) in paragraph at lines 5603--5603
[]\TU/lmtt/m/n/10 ## 3   198 Morales    Linda     1/7/2016  female     4.9     
4.5     4.4     4.8[] 
 []


Overfull \hbox (64.5pt too wide) in paragraph at lines 5603--5603
[]\TU/lmtt/m/n/10 ## 4   201 Providence Cindy     1/9/2016  female     1.2     
1.1     1       1[] 
 []


Overfull \hbox (64.5pt too wide) in paragraph at lines 5623--5623
[]\TU/lmtt/m/n/10 ##      id lastname firstname startdate gender perf_q1 perf_q
2 perf_q3 perf_q4[] 
 []


Overfull \hbox (64.5pt too wide) in paragraph at lines 5623--5623
[]\TU/lmtt/m/n/10 ##   <dbl> <chr>    <chr>     <chr>     <chr>    <dbl>   <dbl
>   <dbl>   <dbl>[] 
 []


Overfull \hbox (64.5pt too wide) in paragraph at lines 5623--5623
[]\TU/lmtt/m/n/10 ## 1   198 Morales  Linda     1/7/2016  female     4.9     4.
5     4.4     4.8[] 
 []


Overfull \hbox (64.5pt too wide) in paragraph at lines 5645--5645
[]\TU/lmtt/m/n/10 ##      id lastname firstname startdate gender perf_q1 perf_q
2 perf_q3 perf_q4[] 
 []


Overfull \hbox (64.5pt too wide) in paragraph at lines 5645--5645
[]\TU/lmtt/m/n/10 ##   <dbl> <chr>    <chr>     <chr>     <chr>    <dbl>   <dbl
>   <dbl>   <dbl>[] 
 []


Overfull \hbox (54.0pt too wide) in paragraph at lines 5645--5645
[]\TU/lmtt/m/n/10 ## 1   155 Smith    John      1/9/2016  male      NA      NA 
     NA      NA[] 
 []


Overfull \hbox (54.0pt too wide) in paragraph at lines 5645--5645
[]\TU/lmtt/m/n/10 ## 2   165 Doe      Jane      1/4/2016  female    NA      NA 
     NA      NA[] 
 []


Overfull \hbox (64.5pt too wide) in paragraph at lines 5645--5645
[]\TU/lmtt/m/n/10 ## 3   282 Legend   John      1/9/2016  male       2.2     2.
3     2.4     2.5[] 
 []

[121]
Overfull \hbox (75.0pt too wide) in paragraph at lines 5669--5669
[]\TU/lmtt/m/n/10 ##      id lastname   firstname startdate gender perf_q1 perf
_q2 perf_q3 perf_q4[] 
 []


Overfull \hbox (75.0pt too wide) in paragraph at lines 5669--5669
[]\TU/lmtt/m/n/10 ##   <dbl> <chr>      <chr>     <chr>     <chr>    <dbl>   <d
bl>   <dbl>   <dbl>[] 
 []


Overfull \hbox (75.0pt too wide) in paragraph at lines 5669--5669
[]\TU/lmtt/m/n/10 ## 1   125 Franklin   Benjamin  1/5/2016  male       2.1     
1.9     2.1     2.3[] 
 []


Overfull \hbox (75.0pt too wide) in paragraph at lines 5669--5669
[]\TU/lmtt/m/n/10 ## 2   198 Morales    Linda     1/7/2016  female     4.9     
4.5     4.4     4.8[] 
 []


Overfull \hbox (64.5pt too wide) in paragraph at lines 5669--5669
[]\TU/lmtt/m/n/10 ## 3   201 Providence Cindy     1/9/2016  female     1.2     
1.1     1       1[] 
 []


Overfull \hbox (75.0pt too wide) in paragraph at lines 5669--5669
[]\TU/lmtt/m/n/10 ## 4   282 Legend     John      1/9/2016  male       2.2     
2.3     2.4     2.5[] 
 []


Overfull \hbox (64.5pt too wide) in paragraph at lines 5709--5709
[]\TU/lmtt/m/n/10 ##      id lastname firstname startdate gender perf_q1 perf_q
2 perf_q3 perf_q4[] 
 []


Overfull \hbox (64.5pt too wide) in paragraph at lines 5709--5709
[]\TU/lmtt/m/n/10 ##   <dbl> <chr>    <chr>     <chr>     <chr>    <dbl>   <dbl
>   <dbl>   <dbl>[] 
 []


Overfull \hbox (54.0pt too wide) in paragraph at lines 5709--5709
[]\TU/lmtt/m/n/10 ## 1   153 Sanchez  Alejandro 1/1/2016  male       3.9     4.
8     4.9     5[] 
 []


Overfull \hbox (54.0pt too wide) in paragraph at lines 5709--5709
[]\TU/lmtt/m/n/10 ## 2   154 McDonald Ronald    1/9/2016  male      NA      NA 
     NA      NA[] 
 []


Overfull \hbox (54.0pt too wide) in paragraph at lines 5709--5709
[]\TU/lmtt/m/n/10 ## 3   155 Smith    John      1/9/2016  male      NA      NA 
     NA      NA[] 
 []


Overfull \hbox (54.0pt too wide) in paragraph at lines 5709--5709
[]\TU/lmtt/m/n/10 ## 4   165 Doe      Jane      1/4/2016  female    NA      NA 
     NA      NA[] 
 []


Overfull \hbox (64.5pt too wide) in paragraph at lines 5709--5709
[]\TU/lmtt/m/n/10 ## 5   125 Franklin Benjamin  1/5/2016  male       2.1     1.
9     2.1     2.3[] 
 []


Overfull \hbox (64.5pt too wide) in paragraph at lines 5709--5709
[]\TU/lmtt/m/n/10 ## 6   111 Newton   Isaac     1/9/2016  male       3.3     3.
3     3.4     3.3[] 
 []


Overfull \hbox (64.5pt too wide) in paragraph at lines 5709--5709
[]\TU/lmtt/m/n/10 ## 7   282 Legend   John      1/9/2016  male       2.2     2.
3     2.4     2.5[] 
 []

[122]
Overfull \hbox (75.0pt too wide) in paragraph at lines 5733--5733
[]\TU/lmtt/m/n/10 ##      id lastname   firstname startdate gender perf_q1 perf
_q2 perf_q3 perf_q4[] 
 []


Overfull \hbox (75.0pt too wide) in paragraph at lines 5733--5733
[]\TU/lmtt/m/n/10 ##   <dbl> <chr>      <chr>     <chr>     <chr>    <dbl>   <d
bl>   <dbl>   <dbl>[] 
 []


Overfull \hbox (75.0pt too wide) in paragraph at lines 5733--5733
[]\TU/lmtt/m/n/10 ## 1   198 Morales    Linda     1/7/2016  female     4.9     
4.5     4.4     4.8[] 
 []


Overfull \hbox (64.5pt too wide) in paragraph at lines 5733--5733
[]\TU/lmtt/m/n/10 ## 2   201 Providence Cindy     1/9/2016  female     1.2     
1.1     1       1[] 
 []


Overfull \hbox (75.0pt too wide) in paragraph at lines 5760--5760
[]\TU/lmtt/m/n/10 ##      id lastname   firstname startdate gender perf_q1 perf
_q2 perf_q3 perf_q4[] 
 []


Overfull \hbox (75.0pt too wide) in paragraph at lines 5760--5760
[]\TU/lmtt/m/n/10 ##   <dbl> <chr>      <chr>     <chr>     <chr>    <dbl>   <d
bl>   <dbl>   <dbl>[] 
 []


Overfull \hbox (64.5pt too wide) in paragraph at lines 5760--5760
[]\TU/lmtt/m/n/10 ## 1   153 Sanchez    Alejandro 1/1/2016  male       3.9     
4.8     4.9     5[] 
 []


Overfull \hbox (64.5pt too wide) in paragraph at lines 5760--5760
[]\TU/lmtt/m/n/10 ## 2   154 McDonald   Ronald    1/9/2016  male      NA      N
A      NA      NA[] 
 []


Overfull \hbox (64.5pt too wide) in paragraph at lines 5760--5760
[]\TU/lmtt/m/n/10 ## 3   155 Smith      John      1/9/2016  male      NA      N
A      NA      NA[] 
 []


Overfull \hbox (64.5pt too wide) in paragraph at lines 5760--5760
[]\TU/lmtt/m/n/10 ## 4   165 Doe        Jane      1/4/2016  female    NA      N
A      NA      NA[] 
 []


Overfull \hbox (75.0pt too wide) in paragraph at lines 5760--5760
[]\TU/lmtt/m/n/10 ## 5   125 Franklin   Benjamin  1/5/2016  male       2.1     
1.9     2.1     2.3[] 
 []


Overfull \hbox (75.0pt too wide) in paragraph at lines 5760--5760
[]\TU/lmtt/m/n/10 ## 6   111 Newton     Isaac     1/9/2016  male       3.3     
3.3     3.4     3.3[] 
 []


Overfull \hbox (64.5pt too wide) in paragraph at lines 5760--5760
[]\TU/lmtt/m/n/10 ## 7   201 Providence Cindy     1/9/2016  female     1.2     
1.1     1       1[] 
 []


Overfull \hbox (75.0pt too wide) in paragraph at lines 5760--5760
[]\TU/lmtt/m/n/10 ## 8   282 Legend     John      1/9/2016  male       2.2     
2.3     2.4     2.5[] 
 []

[123]
Overfull \hbox (1.5pt too wide) in paragraph at lines 5823--5823
[]\TU/lmtt/m/n/10 ##  $ lastname  : chr [1:9] "Sanchez" "McDonald" "Smith" "Doe
" ...[] 
 []


Overfull \hbox (1.5pt too wide) in paragraph at lines 5823--5823
[]\TU/lmtt/m/n/10 ##  $ firstname : chr [1:9] "Alejandro" "Ronald" "John" "Jane
" ...[] 
 []


Overfull \hbox (48.75pt too wide) in paragraph at lines 5823--5823
[]\TU/lmtt/m/n/10 ##  $ startdate : chr [1:9] "1/1/2016" "1/9/2016" "1/9/2016" 
"1/4/2016" ...[] 
 []


Overfull \hbox (1.5pt too wide) in paragraph at lines 5823--5823
[]\TU/lmtt/m/n/10 ##  $ startdate2: Date[1:9], format: "2016-01-01" "2016-01-09
" ...[] 
 []

[124]
Overfull \hbox (64.5pt too wide) in paragraph at lines 5852--5852
[]\TU/lmtt/m/n/10 ##      id lastname firstname startdate gender perf_q1 perf_q
2 perf_q3 perf_q4[] 
 []


Overfull \hbox (64.5pt too wide) in paragraph at lines 5852--5852
[]\TU/lmtt/m/n/10 ##   <dbl> <chr>    <chr>     <chr>     <chr>    <dbl>   <dbl
>   <dbl>   <dbl>[] 
 []


Overfull \hbox (54.0pt too wide) in paragraph at lines 5852--5852
[]\TU/lmtt/m/n/10 ## 1   154 McDonald Ronald    1/9/2016  male      NA      NA 
     NA      NA[] 
 []


Overfull \hbox (54.0pt too wide) in paragraph at lines 5852--5852
[]\TU/lmtt/m/n/10 ## 2   155 Smith    John      1/9/2016  male      NA      NA 
     NA      NA[] 
 []


Overfull \hbox (64.5pt too wide) in paragraph at lines 5852--5852
[]\TU/lmtt/m/n/10 ## 3   111 Newton   Isaac     1/9/2016  male       3.3     3.
3     3.4     3.3[] 
 []


Overfull \hbox (54.0pt too wide) in paragraph at lines 5852--5852
[]\TU/lmtt/m/n/10 ## 4   201 Provide~ Cindy     1/9/2016  female     1.2     1.
1     1       1[] 
 []


Overfull \hbox (64.5pt too wide) in paragraph at lines 5852--5852
[]\TU/lmtt/m/n/10 ## 5   282 Legend   John      1/9/2016  male       2.2     2.
3     2.4     2.5[] 
 []

[125] [126] [127] [128]
Overfull \hbox (64.5pt too wide) in paragraph at lines 6126--6126
[]\TU/lmtt/m/n/10 ##      id lastname firstname startdate gender perf_q1 perf_q
2 perf_q3 perf_q4[] 
 []


Overfull \hbox (64.5pt too wide) in paragraph at lines 6126--6126
[]\TU/lmtt/m/n/10 ##   <dbl> <chr>    <chr>     <chr>     <chr>    <dbl>   <dbl
>   <dbl>   <dbl>[] 
 []


Overfull \hbox (54.0pt too wide) in paragraph at lines 6126--6126
[]\TU/lmtt/m/n/10 ## 1   165 Doe      Jane      1/4/2016  female    NA      NA 
     NA      NA[] 
 []


Overfull \hbox (64.5pt too wide) in paragraph at lines 6126--6126
[]\TU/lmtt/m/n/10 ## 2   198 Morales  Linda     1/7/2016  female     4.9     4.
5     4.4     4.8[] 
 []


Overfull \hbox (54.0pt too wide) in paragraph at lines 6126--6126
[]\TU/lmtt/m/n/10 ## 3   201 Provide~ Cindy     1/9/2016  female     1.2     1.
1     1       1[] 
 []


Overfull \hbox (64.5pt too wide) in paragraph at lines 6157--6157
[]\TU/lmtt/m/n/10 ##      id lastname firstname startdate gender perf_q1 perf_q
2 perf_q3 perf_q4[] 
 []


Overfull \hbox (64.5pt too wide) in paragraph at lines 6157--6157
[]\TU/lmtt/m/n/10 ##   <dbl> <chr>    <chr>     <chr>     <chr>    <dbl>   <dbl
>   <dbl>   <dbl>[] 
 []


Overfull \hbox (54.0pt too wide) in paragraph at lines 6157--6157
[]\TU/lmtt/m/n/10 ## 1   153 Sanchez  Alejandro 1/1/2016  male       3.9     4.
8     4.9     5[] 
 []


Overfull \hbox (54.0pt too wide) in paragraph at lines 6157--6157
[]\TU/lmtt/m/n/10 ## 2   154 McDonald Ronald    1/9/2016  male      NA      NA 
     NA      NA[] 
 []


Overfull \hbox (54.0pt too wide) in paragraph at lines 6157--6157
[]\TU/lmtt/m/n/10 ## 3   155 Smith    John      1/9/2016  male      NA      NA 
     NA      NA[] 
 []


Overfull \hbox (64.5pt too wide) in paragraph at lines 6157--6157
[]\TU/lmtt/m/n/10 ## 4   125 Franklin Benjamin  1/5/2016  male       2.1     1.
9     2.1     2.3[] 
 []


Overfull \hbox (64.5pt too wide) in paragraph at lines 6157--6157
[]\TU/lmtt/m/n/10 ## 5   111 Newton   Isaac     1/9/2016  male       3.3     3.
3     3.4     3.3[] 
 []


Overfull \hbox (64.5pt too wide) in paragraph at lines 6157--6157
[]\TU/lmtt/m/n/10 ## 6   282 Legend   John      1/9/2016  male       2.2     2.
3     2.4     2.5[] 
 []

[129]
Overfull \hbox (64.5pt too wide) in paragraph at lines 6186--6186
[]\TU/lmtt/m/n/10 ##      id lastname firstname startdate gender perf_q1 perf_q
2 perf_q3 perf_q4[] 
 []


Overfull \hbox (64.5pt too wide) in paragraph at lines 6186--6186
[]\TU/lmtt/m/n/10 ##   <dbl> <chr>    <chr>     <chr>     <chr>    <dbl>   <dbl
>   <dbl>   <dbl>[] 
 []


Overfull \hbox (54.0pt too wide) in paragraph at lines 6186--6186
[]\TU/lmtt/m/n/10 ## 1   153 Sanchez  Alejandro 1/1/2016  male       3.9     4.
8     4.9     5[] 
 []


Overfull \hbox (64.5pt too wide) in paragraph at lines 6186--6186
[]\TU/lmtt/m/n/10 ## 2   198 Morales  Linda     1/7/2016  female     4.9     4.
5     4.4     4.8[] 
 []


Overfull \hbox (64.5pt too wide) in paragraph at lines 6213--6213
[]\TU/lmtt/m/n/10 ##      id lastname firstname startdate gender perf_q1 perf_q
2 perf_q3 perf_q4[] 
 []


Overfull \hbox (64.5pt too wide) in paragraph at lines 6213--6213
[]\TU/lmtt/m/n/10 ##   <dbl> <chr>    <chr>     <chr>     <chr>    <dbl>   <dbl
>   <dbl>   <dbl>[] 
 []


Overfull \hbox (54.0pt too wide) in paragraph at lines 6213--6213
[]\TU/lmtt/m/n/10 ## 1   153 Sanchez  Alejandro 1/1/2016  male       3.9     4.
8     4.9     5[] 
 []


Overfull \hbox (54.0pt too wide) in paragraph at lines 6213--6213
[]\TU/lmtt/m/n/10 ## 2   165 Doe      Jane      1/4/2016  female    NA      NA 
     NA      NA[] 
 []


Overfull \hbox (64.5pt too wide) in paragraph at lines 6213--6213
[]\TU/lmtt/m/n/10 ## 3   198 Morales  Linda     1/7/2016  female     4.9     4.
5     4.4     4.8[] 
 []


Overfull \hbox (54.0pt too wide) in paragraph at lines 6213--6213
[]\TU/lmtt/m/n/10 ## 4   201 Provide~ Cindy     1/9/2016  female     1.2     1.
1     1       1[] 
 []

[130]
Overfull \hbox (64.5pt too wide) in paragraph at lines 6234--6234
[]\TU/lmtt/m/n/10 ##      id lastname firstname startdate gender perf_q1 perf_q
2 perf_q3 perf_q4[] 
 []


Overfull \hbox (64.5pt too wide) in paragraph at lines 6234--6234
[]\TU/lmtt/m/n/10 ##   <dbl> <chr>    <chr>     <chr>     <chr>    <dbl>   <dbl
>   <dbl>   <dbl>[] 
 []


Overfull \hbox (64.5pt too wide) in paragraph at lines 6234--6234
[]\TU/lmtt/m/n/10 ## 1   198 Morales  Linda     1/7/2016  female     4.9     4.
5     4.4     4.8[] 
 []


Overfull \hbox (64.5pt too wide) in paragraph at lines 6257--6257
[]\TU/lmtt/m/n/10 ##      id lastname firstname startdate gender perf_q1 perf_q
2 perf_q3 perf_q4[] 
 []


Overfull \hbox (64.5pt too wide) in paragraph at lines 6257--6257
[]\TU/lmtt/m/n/10 ##   <dbl> <chr>    <chr>     <chr>     <chr>    <dbl>   <dbl
>   <dbl>   <dbl>[] 
 []


Overfull \hbox (54.0pt too wide) in paragraph at lines 6257--6257
[]\TU/lmtt/m/n/10 ## 1   155 Smith    John      1/9/2016  male      NA      NA 
     NA      NA[] 
 []


Overfull \hbox (54.0pt too wide) in paragraph at lines 6257--6257
[]\TU/lmtt/m/n/10 ## 2   165 Doe      Jane      1/4/2016  female    NA      NA 
     NA      NA[] 
 []


Overfull \hbox (64.5pt too wide) in paragraph at lines 6257--6257
[]\TU/lmtt/m/n/10 ## 3   282 Legend   John      1/9/2016  male       2.2     2.
3     2.4     2.5[] 
 []


Overfull \hbox (64.5pt too wide) in paragraph at lines 6282--6282
[]\TU/lmtt/m/n/10 ##      id lastname firstname startdate gender perf_q1 perf_q
2 perf_q3 perf_q4[] 
 []


Overfull \hbox (64.5pt too wide) in paragraph at lines 6282--6282
[]\TU/lmtt/m/n/10 ##   <dbl> <chr>    <chr>     <chr>     <chr>    <dbl>   <dbl
>   <dbl>   <dbl>[] 
 []


Overfull \hbox (64.5pt too wide) in paragraph at lines 6282--6282
[]\TU/lmtt/m/n/10 ## 1   125 Franklin Benjamin  1/5/2016  male       2.1     1.
9     2.1     2.3[] 
 []


Overfull \hbox (64.5pt too wide) in paragraph at lines 6282--6282
[]\TU/lmtt/m/n/10 ## 2   198 Morales  Linda     1/7/2016  female     4.9     4.
5     4.4     4.8[] 
 []


Overfull \hbox (54.0pt too wide) in paragraph at lines 6282--6282
[]\TU/lmtt/m/n/10 ## 3   201 Provide~ Cindy     1/9/2016  female     1.2     1.
1     1       1[] 
 []


Overfull \hbox (64.5pt too wide) in paragraph at lines 6282--6282
[]\TU/lmtt/m/n/10 ## 4   282 Legend   John      1/9/2016  male       2.2     2.
3     2.4     2.5[] 
 []

[131]
Overfull \hbox (64.5pt too wide) in paragraph at lines 6323--6323
[]\TU/lmtt/m/n/10 ##      id lastname firstname startdate gender perf_q1 perf_q
2 perf_q3 perf_q4[] 
 []


Overfull \hbox (64.5pt too wide) in paragraph at lines 6323--6323
[]\TU/lmtt/m/n/10 ##   <dbl> <chr>    <chr>     <chr>     <chr>    <dbl>   <dbl
>   <dbl>   <dbl>[] 
 []


Overfull \hbox (54.0pt too wide) in paragraph at lines 6323--6323
[]\TU/lmtt/m/n/10 ## 1   153 Sanchez  Alejandro 1/1/2016  male       3.9     4.
8     4.9     5[] 
 []


Overfull \hbox (54.0pt too wide) in paragraph at lines 6323--6323
[]\TU/lmtt/m/n/10 ## 2   154 McDonald Ronald    1/9/2016  male      NA      NA 
     NA      NA[] 
 []


Overfull \hbox (54.0pt too wide) in paragraph at lines 6323--6323
[]\TU/lmtt/m/n/10 ## 3   155 Smith    John      1/9/2016  male      NA      NA 
     NA      NA[] 
 []


Overfull \hbox (54.0pt too wide) in paragraph at lines 6323--6323
[]\TU/lmtt/m/n/10 ## 4   165 Doe      Jane      1/4/2016  female    NA      NA 
     NA      NA[] 
 []


Overfull \hbox (64.5pt too wide) in paragraph at lines 6323--6323
[]\TU/lmtt/m/n/10 ## 5   125 Franklin Benjamin  1/5/2016  male       2.1     1.
9     2.1     2.3[] 
 []


Overfull \hbox (64.5pt too wide) in paragraph at lines 6323--6323
[]\TU/lmtt/m/n/10 ## 6   111 Newton   Isaac     1/9/2016  male       3.3     3.
3     3.4     3.3[] 
 []


Overfull \hbox (64.5pt too wide) in paragraph at lines 6323--6323
[]\TU/lmtt/m/n/10 ## 7   282 Legend   John      1/9/2016  male       2.2     2.
3     2.4     2.5[] 
 []

[132]
Overfull \hbox (64.5pt too wide) in paragraph at lines 6348--6348
[]\TU/lmtt/m/n/10 ##      id lastname firstname startdate gender perf_q1 perf_q
2 perf_q3 perf_q4[] 
 []


Overfull \hbox (64.5pt too wide) in paragraph at lines 6348--6348
[]\TU/lmtt/m/n/10 ##   <dbl> <chr>    <chr>     <chr>     <chr>    <dbl>   <dbl
>   <dbl>   <dbl>[] 
 []


Overfull \hbox (64.5pt too wide) in paragraph at lines 6348--6348
[]\TU/lmtt/m/n/10 ## 1   198 Morales  Linda     1/7/2016  female     4.9     4.
5     4.4     4.8[] 
 []


Overfull \hbox (54.0pt too wide) in paragraph at lines 6348--6348
[]\TU/lmtt/m/n/10 ## 2   201 Provide~ Cindy     1/9/2016  female     1.2     1.
1     1       1[] 
 []


Overfull \hbox (64.5pt too wide) in paragraph at lines 6383--6383
[]\TU/lmtt/m/n/10 ##      id lastname firstname startdate gender perf_q1 perf_q
2 perf_q3 perf_q4[] 
 []


Overfull \hbox (64.5pt too wide) in paragraph at lines 6383--6383
[]\TU/lmtt/m/n/10 ##   <dbl> <chr>    <chr>     <chr>     <chr>    <dbl>   <dbl
>   <dbl>   <dbl>[] 
 []


Overfull \hbox (54.0pt too wide) in paragraph at lines 6383--6383
[]\TU/lmtt/m/n/10 ## 1   153 Sanchez  Alejandro 1/1/2016  male       3.9     4.
8     4.9     5[] 
 []


Overfull \hbox (54.0pt too wide) in paragraph at lines 6383--6383
[]\TU/lmtt/m/n/10 ## 2   154 McDonald Ronald    1/9/2016  male      NA      NA 
     NA      NA[] 
 []


Overfull \hbox (54.0pt too wide) in paragraph at lines 6383--6383
[]\TU/lmtt/m/n/10 ## 3   155 Smith    John      1/9/2016  male      NA      NA 
     NA      NA[] 
 []


Overfull \hbox (54.0pt too wide) in paragraph at lines 6383--6383
[]\TU/lmtt/m/n/10 ## 4   165 Doe      Jane      1/4/2016  female    NA      NA 
     NA      NA[] 
 []


Overfull \hbox (64.5pt too wide) in paragraph at lines 6383--6383
[]\TU/lmtt/m/n/10 ## 5   125 Franklin Benjamin  1/5/2016  male       2.1     1.
9     2.1     2.3[] 
 []


Overfull \hbox (64.5pt too wide) in paragraph at lines 6383--6383
[]\TU/lmtt/m/n/10 ## 6   111 Newton   Isaac     1/9/2016  male       3.3     3.
3     3.4     3.3[] 
 []


Overfull \hbox (64.5pt too wide) in paragraph at lines 6383--6383
[]\TU/lmtt/m/n/10 ## 7   282 Legend   John      1/9/2016  male       2.2     2.
3     2.4     2.5[] 
 []

[133]
Overfull \hbox (1.5pt too wide) in paragraph at lines 6446--6446
[]\TU/lmtt/m/n/10 ##  $ lastname  : chr [1:9] "Sanchez" "McDonald" "Smith" "Doe
" ...[] 
 []


Overfull \hbox (1.5pt too wide) in paragraph at lines 6446--6446
[]\TU/lmtt/m/n/10 ##  $ firstname : chr [1:9] "Alejandro" "Ronald" "John" "Jane
" ...[] 
 []


Overfull \hbox (48.75pt too wide) in paragraph at lines 6446--6446
[]\TU/lmtt/m/n/10 ##  $ startdate : chr [1:9] "1/1/2016" "1/9/2016" "1/9/2016" 
"1/4/2016" ...[] 
 []


Overfull \hbox (1.5pt too wide) in paragraph at lines 6446--6446
[]\TU/lmtt/m/n/10 ##  $ startdate2: Date[1:9], format: "2016-01-01" "2016-01-09
" ...[] 
 []

[134]
Overfull \hbox (64.5pt too wide) in paragraph at lines 6475--6475
[]\TU/lmtt/m/n/10 ##      id lastname firstname startdate gender perf_q1 perf_q
2 perf_q3 perf_q4[] 
 []


Overfull \hbox (64.5pt too wide) in paragraph at lines 6475--6475
[]\TU/lmtt/m/n/10 ##   <dbl> <chr>    <chr>     <chr>     <chr>    <dbl>   <dbl
>   <dbl>   <dbl>[] 
 []


Overfull \hbox (54.0pt too wide) in paragraph at lines 6475--6475
[]\TU/lmtt/m/n/10 ## 1   154 McDonald Ronald    1/9/2016  male      NA      NA 
     NA      NA[] 
 []


Overfull \hbox (54.0pt too wide) in paragraph at lines 6475--6475
[]\TU/lmtt/m/n/10 ## 2   155 Smith    John      1/9/2016  male      NA      NA 
     NA      NA[] 
 []


Overfull \hbox (64.5pt too wide) in paragraph at lines 6475--6475
[]\TU/lmtt/m/n/10 ## 3   111 Newton   Isaac     1/9/2016  male       3.3     3.
3     3.4     3.3[] 
 []


Overfull \hbox (54.0pt too wide) in paragraph at lines 6475--6475
[]\TU/lmtt/m/n/10 ## 4   201 Provide~ Cindy     1/9/2016  female     1.2     1.
1     1       1[] 
 []


Overfull \hbox (64.5pt too wide) in paragraph at lines 6475--6475
[]\TU/lmtt/m/n/10 ## 5   282 Legend   John      1/9/2016  male       2.2     2.
3     2.4     2.5[] 
 []


Overfull \hbox (80.25pt too wide) in paragraph at lines 6512--6512
[]\TU/lmtt/m/n/10 ##      id lastname   firstname gender perf_q1 perf_q2 perf_q
3 perf_q4 startdate2[] 
 []


Overfull \hbox (59.25pt too wide) in paragraph at lines 6512--6512
[]\TU/lmtt/m/n/10 ##   <dbl> <chr>      <chr>     <chr>    <dbl>   <dbl>   <dbl
>   <dbl> <date>[] 
 []


Overfull \hbox (80.25pt too wide) in paragraph at lines 6512--6512
[]\TU/lmtt/m/n/10 ## 1   153 Sanchez    Alejandro male       3.9     4.8     4.
9     5   2016-01-01[] 
 []


Overfull \hbox (80.25pt too wide) in paragraph at lines 6512--6512
[]\TU/lmtt/m/n/10 ## 2   154 McDonald   Ronald    male      NA      NA      NA 
     NA   2016-01-09[] 
 []


Overfull \hbox (80.25pt too wide) in paragraph at lines 6512--6512
[]\TU/lmtt/m/n/10 ## 3   155 Smith      John      male      NA      NA      NA 
     NA   2016-01-09[] 
 []


Overfull \hbox (80.25pt too wide) in paragraph at lines 6512--6512
[]\TU/lmtt/m/n/10 ## 4   165 Doe        Jane      female    NA      NA      NA 
     NA   2016-01-04[] 
 []


Overfull \hbox (80.25pt too wide) in paragraph at lines 6512--6512
[]\TU/lmtt/m/n/10 ## 5   125 Franklin   Benjamin  male       2.1     1.9     2.
1     2.3 2016-01-05[] 
 []


Overfull \hbox (80.25pt too wide) in paragraph at lines 6512--6512
[]\TU/lmtt/m/n/10 ## 6   111 Newton     Isaac     male       3.3     3.3     3.
4     3.3 2016-01-09[] 
 []


Overfull \hbox (80.25pt too wide) in paragraph at lines 6512--6512
[]\TU/lmtt/m/n/10 ## 7   198 Morales    Linda     female     4.9     4.5     4.
4     4.8 2016-01-07[] 
 []

[135]
Overfull \hbox (80.25pt too wide) in paragraph at lines 6512--6512
[]\TU/lmtt/m/n/10 ## 8   201 Providence Cindy     female     1.2     1.1     1 
      1   2016-01-09[] 
 []


Overfull \hbox (80.25pt too wide) in paragraph at lines 6512--6512
[]\TU/lmtt/m/n/10 ## 9   282 Legend     John      male       2.2     2.3     2.
4     2.5 2016-01-09[] 
 []

[136]
Underfull \hbox (badness 4647) in paragraph at lines 6620--6620
[]\TU/lmr/bx/n/14.4 Remove Multiple Variables from Data
 []

[137] [138] [139] [140] [141

] [142] [143

] [144] [145] [146] [147] [148] [149

] [150]
Underfull \hbox (badness 1527) in paragraph at lines 7249--7257
\TU/lmr/m/n/10 We will use the \TU/lmtt/m/n/10 merge \TU/lmr/m/n/10 function to
 horizontally match cases from the
 []

[151]
Overfull \hbox (64.5pt too wide) in paragraph at lines 7326--7326
[]\TU/lmtt/m/n/10 ##    id   lastname firstname startdate gender perf_q1 perf_q
2 perf_q3 perf_q4[] 
 []


Overfull \hbox (64.5pt too wide) in paragraph at lines 7326--7326
[]\TU/lmtt/m/n/10 ## 1 111     Newton     Isaac  1/9/2016   male     3.3     3.
3     3.4     3.3[] 
 []


Overfull \hbox (64.5pt too wide) in paragraph at lines 7326--7326
[]\TU/lmtt/m/n/10 ## 2 125   Franklin  Benjamin  1/5/2016   male     2.1     1.
9     2.1     2.3[] 
 []


Overfull \hbox (64.5pt too wide) in paragraph at lines 7326--7326
[]\TU/lmtt/m/n/10 ## 3 198    Morales     Linda  1/7/2016 female     4.9     4.
5     4.4     4.8[] 
 []


Overfull \hbox (64.5pt too wide) in paragraph at lines 7326--7326
[]\TU/lmtt/m/n/10 ## 4 201 Providence     Cindy  1/9/2016 female     1.2     1.
1     1.0     1.0[] 
 []


Overfull \hbox (64.5pt too wide) in paragraph at lines 7326--7326
[]\TU/lmtt/m/n/10 ## 5 282     Legend      John  1/9/2016   male     2.2     2.
3     2.4     2.5[] 
 []

[152]
Overfull \hbox (64.5pt too wide) in paragraph at lines 7412--7412
[]\TU/lmtt/m/n/10 ##    id   lastname firstname startdate gender perf_q1 perf_q
2 perf_q3 perf_q4[] 
 []


Overfull \hbox (64.5pt too wide) in paragraph at lines 7412--7412
[]\TU/lmtt/m/n/10 ## 1 111     Newton     Isaac  1/9/2016   male     3.3     3.
3     3.4     3.3[] 
 []


Overfull \hbox (64.5pt too wide) in paragraph at lines 7412--7412
[]\TU/lmtt/m/n/10 ## 2 125   Franklin  Benjamin  1/5/2016   male     2.1     1.
9     2.1     2.3[] 
 []


Overfull \hbox (64.5pt too wide) in paragraph at lines 7412--7412
[]\TU/lmtt/m/n/10 ## 3 153       <NA>      <NA>      <NA>   <NA>     3.9     4.
8     4.9     5.0[] 
 []


Overfull \hbox (64.5pt too wide) in paragraph at lines 7412--7412
[]\TU/lmtt/m/n/10 ## 4 154   McDonald    Ronald  1/9/2016   male      NA      N
A      NA      NA[] 
 []


Overfull \hbox (64.5pt too wide) in paragraph at lines 7412--7412
[]\TU/lmtt/m/n/10 ## 5 155      Smith      John  1/9/2016   male      NA      N
A      NA      NA[] 
 []

[153]
Overfull \hbox (64.5pt too wide) in paragraph at lines 7412--7412
[]\TU/lmtt/m/n/10 ## 6 165        Doe      Jane  1/4/2016 female      NA      N
A      NA      NA[] 
 []


Overfull \hbox (64.5pt too wide) in paragraph at lines 7412--7412
[]\TU/lmtt/m/n/10 ## 7 198    Morales     Linda  1/7/2016 female     4.9     4.
5     4.4     4.8[] 
 []


Overfull \hbox (64.5pt too wide) in paragraph at lines 7412--7412
[]\TU/lmtt/m/n/10 ## 8 201 Providence     Cindy  1/9/2016 female     1.2     1.
1     1.0     1.0[] 
 []


Overfull \hbox (64.5pt too wide) in paragraph at lines 7412--7412
[]\TU/lmtt/m/n/10 ## 9 282     Legend      John  1/9/2016   male     2.2     2.
3     2.4     2.5[] 
 []


Overfull \hbox (64.5pt too wide) in paragraph at lines 7444--7444
[]\TU/lmtt/m/n/10 ##    id   lastname firstname startdate gender perf_q1 perf_q
2 perf_q3 perf_q4[] 
 []


Overfull \hbox (64.5pt too wide) in paragraph at lines 7444--7444
[]\TU/lmtt/m/n/10 ## 1 111     Newton     Isaac  1/9/2016   male     3.3     3.
3     3.4     3.3[] 
 []


Overfull \hbox (64.5pt too wide) in paragraph at lines 7444--7444
[]\TU/lmtt/m/n/10 ## 2 125   Franklin  Benjamin  1/5/2016   male     2.1     1.
9     2.1     2.3[] 
 []


Overfull \hbox (64.5pt too wide) in paragraph at lines 7444--7444
[]\TU/lmtt/m/n/10 ## 3 154   McDonald    Ronald  1/9/2016   male      NA      N
A      NA      NA[] 
 []


Overfull \hbox (64.5pt too wide) in paragraph at lines 7444--7444
[]\TU/lmtt/m/n/10 ## 4 155      Smith      John  1/9/2016   male      NA      N
A      NA      NA[] 
 []


Overfull \hbox (64.5pt too wide) in paragraph at lines 7444--7444
[]\TU/lmtt/m/n/10 ## 5 165        Doe      Jane  1/4/2016 female      NA      N
A      NA      NA[] 
 []


Overfull \hbox (64.5pt too wide) in paragraph at lines 7444--7444
[]\TU/lmtt/m/n/10 ## 6 198    Morales     Linda  1/7/2016 female     4.9     4.
5     4.4     4.8[] 
 []


Overfull \hbox (64.5pt too wide) in paragraph at lines 7444--7444
[]\TU/lmtt/m/n/10 ## 7 201 Providence     Cindy  1/9/2016 female     1.2     1.
1     1.0     1.0[] 
 []


Overfull \hbox (64.5pt too wide) in paragraph at lines 7444--7444
[]\TU/lmtt/m/n/10 ## 8 282     Legend      John  1/9/2016   male     2.2     2.
3     2.4     2.5[] 
 []


Overfull \hbox (64.5pt too wide) in paragraph at lines 7477--7477
[]\TU/lmtt/m/n/10 ##    id   lastname firstname startdate gender perf_q1 perf_q
2 perf_q3 perf_q4[] 
 []

[154]
Overfull \hbox (64.5pt too wide) in paragraph at lines 7477--7477
[]\TU/lmtt/m/n/10 ## 1 111     Newton     Isaac  1/9/2016   male     3.3     3.
3     3.4     3.3[] 
 []


Overfull \hbox (64.5pt too wide) in paragraph at lines 7477--7477
[]\TU/lmtt/m/n/10 ## 2 125   Franklin  Benjamin  1/5/2016   male     2.1     1.
9     2.1     2.3[] 
 []


Overfull \hbox (64.5pt too wide) in paragraph at lines 7477--7477
[]\TU/lmtt/m/n/10 ## 3 153       <NA>      <NA>      <NA>   <NA>     3.9     4.
8     4.9     5.0[] 
 []


Overfull \hbox (64.5pt too wide) in paragraph at lines 7477--7477
[]\TU/lmtt/m/n/10 ## 4 198    Morales     Linda  1/7/2016 female     4.9     4.
5     4.4     4.8[] 
 []


Overfull \hbox (64.5pt too wide) in paragraph at lines 7477--7477
[]\TU/lmtt/m/n/10 ## 5 201 Providence     Cindy  1/9/2016 female     1.2     1.
1     1.0     1.0[] 
 []


Overfull \hbox (64.5pt too wide) in paragraph at lines 7477--7477
[]\TU/lmtt/m/n/10 ## 6 282     Legend      John  1/9/2016   male     2.2     2.
3     2.4     2.5[] 
 []

(./R-for-HR.bbl [155] [156

] [157])
Package atveryend Info: Empty hook `BeforeClearDocument' on input line 7488.
[158]
Package atveryend Info: Empty hook `AfterLastShipout' on input line 7488.
(./R-for-HR.aux)
Package atveryend Info: Empty hook `AtVeryEndDocument' on input line 7488.
Package atveryend Info: Executing hook `AtEndAfterFileList' on input line 7488.

Package rerunfilecheck Info: File `R-for-HR.out' has not changed.
(rerunfilecheck)             Checksum: 053D83D056E028D3FA7E81752906829B;12016.

LaTeX Warning: There were multiply-defined labels.

 ) 
Here is how much of TeX's memory you used:
 14153 strings out of 481790
 262016 string characters out of 5935710
 586580 words of memory out of 5000000
 30896 multiletter control sequences out of 15000+600000
 557157 words of font info for 77 fonts, out of 8000000 for 9000
 14 hyphenation exceptions out of 8191
 50i,6n,41p,805b,460s stack positions out of 5000i,500n,10000p,200000b,80000s

Output written on R-for-HR.pdf (158 pages).
